[2015-02-18 11:21:10] local.ERROR: exception 'ReflectionException' with message 'Class App\Http\Controllers\AdminController does not exist' in C:\Users\Kervi\laravel_projects\quickleave5\storage\framework\compiled.php:1026
Stack trace:
#0 C:\Users\Kervi\laravel_projects\quickleave5\storage\framework\compiled.php(1026): ReflectionClass->__construct('App\\Http\\Contro...')
#1 C:\Users\Kervi\laravel_projects\quickleave5\storage\framework\compiled.php(977): Illuminate\Container\Container->build('App\\Http\\Contro...', Array)
#2 C:\Users\Kervi\laravel_projects\quickleave5\storage\framework\compiled.php(1476): Illuminate\Container\Container->make('App\\Http\\Contro...', Array)
#3 C:\Users\Kervi\laravel_projects\quickleave5\storage\framework\compiled.php(8252): Illuminate\Foundation\Application->make('App\\Http\\Contro...')
#4 C:\Users\Kervi\laravel_projects\quickleave5\storage\framework\compiled.php(8241): Illuminate\Routing\ControllerDispatcher->makeController('App\\Http\\Contro...')
#5 C:\Users\Kervi\laravel_projects\quickleave5\storage\framework\compiled.php(7242): Illuminate\Routing\ControllerDispatcher->dispatch(Object(Illuminate\Routing\Route), Object(Illuminate\Http\Request), 'App\\Http\\Contro...', 'index')
#6 C:\Users\Kervi\laravel_projects\quickleave5\storage\framework\compiled.php(7213): Illuminate\Routing\Route->runWithCustomDispatcher(Object(Illuminate\Http\Request))
#7 C:\Users\Kervi\laravel_projects\quickleave5\storage\framework\compiled.php(6879): Illuminate\Routing\Route->run(Object(Illuminate\Http\Request))
#8 [internal function]: Illuminate\Routing\Router->Illuminate\Routing\{closure}(Object(Illuminate\Http\Request))
#9 C:\Users\Kervi\laravel_projects\quickleave5\storage\framework\compiled.php(8874): call_user_func(Object(Closure), Object(Illuminate\Http\Request))
#10 [internal function]: Illuminate\Pipeline\Pipeline->Illuminate\Pipeline\{closure}(Object(Illuminate\Http\Request))
#11 C:\Users\Kervi\laravel_projects\quickleave5\storage\framework\compiled.php(8857): call_user_func(Object(Closure), Object(Illuminate\Http\Request))
#12 C:\Users\Kervi\laravel_projects\quickleave5\storage\framework\compiled.php(6880): Illuminate\Pipeline\Pipeline->then(Object(Closure))
#13 C:\Users\Kervi\laravel_projects\quickleave5\storage\framework\compiled.php(6869): Illuminate\Routing\Router->runRouteWithinStack(Object(Illuminate\Routing\Route), Object(Illuminate\Http\Request))
#14 C:\Users\Kervi\laravel_projects\quickleave5\storage\framework\compiled.php(6854): Illuminate\Routing\Router->dispatchToRoute(Object(Illuminate\Http\Request))
#15 C:\Users\Kervi\laravel_projects\quickleave5\storage\framework\compiled.php(1886): Illuminate\Routing\Router->dispatch(Object(Illuminate\Http\Request))
#16 [internal function]: Illuminate\Foundation\Http\Kernel->Illuminate\Foundation\Http\{closure}(Object(Illuminate\Http\Request))
#17 C:\Users\Kervi\laravel_projects\quickleave5\storage\framework\compiled.php(8874): call_user_func(Object(Closure), Object(Illuminate\Http\Request))
#18 C:\Users\Kervi\laravel_projects\quickleave5\storage\framework\compiled.php(2385): Illuminate\Pipeline\Pipeline->Illuminate\Pipeline\{closure}(Object(Illuminate\Http\Request))
#19 C:\Users\Kervi\laravel_projects\quickleave5\app\Http\Middleware\VerifyCsrfToken.php(17): Illuminate\Foundation\Http\Middleware\VerifyCsrfToken->handle(Object(Illuminate\Http\Request), Object(Closure))
#20 C:\Users\Kervi\laravel_projects\quickleave5\storage\framework\compiled.php(8866): App\Http\Middleware\VerifyCsrfToken->handle(Object(Illuminate\Http\Request), Object(Closure))
#21 C:\Users\Kervi\laravel_projects\quickleave5\storage\framework\compiled.php(12004): Illuminate\Pipeline\Pipeline->Illuminate\Pipeline\{closure}(Object(Illuminate\Http\Request))
#22 C:\Users\Kervi\laravel_projects\quickleave5\storage\framework\compiled.php(8866): Illuminate\View\Middleware\ShareErrorsFromSession->handle(Object(Illuminate\Http\Request), Object(Closure))
#23 C:\Users\Kervi\laravel_projects\quickleave5\storage\framework\compiled.php(10710): Illuminate\Pipeline\Pipeline->Illuminate\Pipeline\{closure}(Object(Illuminate\Http\Request))
#24 C:\Users\Kervi\laravel_projects\quickleave5\storage\framework\compiled.php(8866): Illuminate\Session\Middleware\StartSession->handle(Object(Illuminate\Http\Request), Object(Closure))
#25 C:\Users\Kervi\laravel_projects\quickleave5\storage\framework\compiled.php(11710): Illuminate\Pipeline\Pipeline->Illuminate\Pipeline\{closure}(Object(Illuminate\Http\Request))
#26 C:\Users\Kervi\laravel_projects\quickleave5\storage\framework\compiled.php(8866): Illuminate\Cookie\Middleware\AddQueuedCookiesToResponse->handle(Object(Illuminate\Http\Request), Object(Closure))
#27 C:\Users\Kervi\laravel_projects\quickleave5\storage\framework\compiled.php(11659): Illuminate\Pipeline\Pipeline->Illuminate\Pipeline\{closure}(Object(Illuminate\Http\Request))
#28 C:\Users\Kervi\laravel_projects\quickleave5\storage\framework\compiled.php(8866): Illuminate\Cookie\Middleware\EncryptCookies->handle(Object(Illuminate\Http\Request), Object(Closure))
#29 C:\Users\Kervi\laravel_projects\quickleave5\storage\framework\compiled.php(2423): Illuminate\Pipeline\Pipeline->Illuminate\Pipeline\{closure}(Object(Illuminate\Http\Request))
#30 C:\Users\Kervi\laravel_projects\quickleave5\storage\framework\compiled.php(8866): Illuminate\Foundation\Http\Middleware\CheckForMaintenanceMode->handle(Object(Illuminate\Http\Request), Object(Closure))
#31 [internal function]: Illuminate\Pipeline\Pipeline->Illuminate\Pipeline\{closure}(Object(Illuminate\Http\Request))
#32 C:\Users\Kervi\laravel_projects\quickleave5\storage\framework\compiled.php(8857): call_user_func(Object(Closure), Object(Illuminate\Http\Request))
#33 C:\Users\Kervi\laravel_projects\quickleave5\storage\framework\compiled.php(1864): Illuminate\Pipeline\Pipeline->then(Object(Closure))
#34 C:\Users\Kervi\laravel_projects\quickleave5\storage\framework\compiled.php(1853): Illuminate\Foundation\Http\Kernel->sendRequestThroughRouter(Object(Illuminate\Http\Request))
#35 C:\Users\Kervi\laravel_projects\quickleave5\public\index.php(53): Illuminate\Foundation\Http\Kernel->handle(Object(Illuminate\Http\Request))
#36 {main}  
[2015-02-18 11:38:21] local.ERROR: exception 'Symfony\Component\Debug\Exception\FatalErrorException' with message 'syntax error, unexpected end of file, expecting function (T_FUNCTION)' in C:\Users\Kervi\laravel_projects\quickleave5\app\Http\Controllers\AdminController.php:13
Stack trace:
#0 C:\Users\Kervi\laravel_projects\quickleave5\storage\framework\compiled.php(1721): Illuminate\Foundation\Bootstrap\HandleExceptions->fatalExceptionFromError(Array)
#1 [internal function]: Illuminate\Foundation\Bootstrap\HandleExceptions->handleShutdown()
#2 {main}  
[2015-02-18 11:39:48] local.ERROR: exception 'Symfony\Component\Debug\Exception\FatalErrorException' with message 'syntax error, unexpected end of file, expecting function (T_FUNCTION)' in C:\Users\Kervi\laravel_projects\quickleave5\app\Http\Controllers\AdminController.php:13
Stack trace:
#0 C:\Users\Kervi\laravel_projects\quickleave5\storage\framework\compiled.php(1721): Illuminate\Foundation\Bootstrap\HandleExceptions->fatalExceptionFromError(Array)
#1 [internal function]: Illuminate\Foundation\Bootstrap\HandleExceptions->handleShutdown()
#2 {main}  
[2015-02-18 11:40:09] local.ERROR: exception 'InvalidArgumentException' with message 'View [admin_login] not found.' in C:\Users\Kervi\laravel_projects\quickleave5\storage\framework\compiled.php:12811
Stack trace:
#0 C:\Users\Kervi\laravel_projects\quickleave5\storage\framework\compiled.php(12784): Illuminate\View\FileViewFinder->findInPaths('admin_login', Array)
#1 C:\Users\Kervi\laravel_projects\quickleave5\storage\framework\compiled.php(12909): Illuminate\View\FileViewFinder->find('admin_login')
#2 C:\Users\Kervi\laravel_projects\quickleave5\vendor\laravel\framework\src\Illuminate\Foundation\helpers.php(547): Illuminate\View\Factory->make('admin_login', Array, Array)
#3 C:\Users\Kervi\laravel_projects\quickleave5\app\Http\Controllers\AdminController.php(12): view('admin_login')
#4 [internal function]: App\Http\Controllers\AdminController->index()
#5 C:\Users\Kervi\laravel_projects\quickleave5\storage\framework\compiled.php(8212): call_user_func_array(Array, Array)
#6 C:\Users\Kervi\laravel_projects\quickleave5\storage\framework\compiled.php(8279): Illuminate\Routing\Controller->callAction('index', Array)
#7 C:\Users\Kervi\laravel_projects\quickleave5\storage\framework\compiled.php(8258): Illuminate\Routing\ControllerDispatcher->call(Object(App\Http\Controllers\AdminController), Object(Illuminate\Routing\Route), 'index')
#8 [internal function]: Illuminate\Routing\ControllerDispatcher->Illuminate\Routing\{closure}(Object(Illuminate\Http\Request))
#9 C:\Users\Kervi\laravel_projects\quickleave5\storage\framework\compiled.php(8874): call_user_func(Object(Closure), Object(Illuminate\Http\Request))
#10 [internal function]: Illuminate\Pipeline\Pipeline->Illuminate\Pipeline\{closure}(Object(Illuminate\Http\Request))
#11 C:\Users\Kervi\laravel_projects\quickleave5\storage\framework\compiled.php(8857): call_user_func(Object(Closure), Object(Illuminate\Http\Request))
#12 C:\Users\Kervi\laravel_projects\quickleave5\storage\framework\compiled.php(8259): Illuminate\Pipeline\Pipeline->then(Object(Closure))
#13 C:\Users\Kervi\laravel_projects\quickleave5\storage\framework\compiled.php(8245): Illuminate\Routing\ControllerDispatcher->callWithinStack(Object(App\Http\Controllers\AdminController), Object(Illuminate\Routing\Route), Object(Illuminate\Http\Request), 'index')
#14 C:\Users\Kervi\laravel_projects\quickleave5\storage\framework\compiled.php(7242): Illuminate\Routing\ControllerDispatcher->dispatch(Object(Illuminate\Routing\Route), Object(Illuminate\Http\Request), 'App\\Http\\Contro...', 'index')
#15 C:\Users\Kervi\laravel_projects\quickleave5\storage\framework\compiled.php(7213): Illuminate\Routing\Route->runWithCustomDispatcher(Object(Illuminate\Http\Request))
#16 C:\Users\Kervi\laravel_projects\quickleave5\storage\framework\compiled.php(6879): Illuminate\Routing\Route->run(Object(Illuminate\Http\Request))
#17 [internal function]: Illuminate\Routing\Router->Illuminate\Routing\{closure}(Object(Illuminate\Http\Request))
#18 C:\Users\Kervi\laravel_projects\quickleave5\storage\framework\compiled.php(8874): call_user_func(Object(Closure), Object(Illuminate\Http\Request))
#19 [internal function]: Illuminate\Pipeline\Pipeline->Illuminate\Pipeline\{closure}(Object(Illuminate\Http\Request))
#20 C:\Users\Kervi\laravel_projects\quickleave5\storage\framework\compiled.php(8857): call_user_func(Object(Closure), Object(Illuminate\Http\Request))
#21 C:\Users\Kervi\laravel_projects\quickleave5\storage\framework\compiled.php(6880): Illuminate\Pipeline\Pipeline->then(Object(Closure))
#22 C:\Users\Kervi\laravel_projects\quickleave5\storage\framework\compiled.php(6869): Illuminate\Routing\Router->runRouteWithinStack(Object(Illuminate\Routing\Route), Object(Illuminate\Http\Request))
#23 C:\Users\Kervi\laravel_projects\quickleave5\storage\framework\compiled.php(6854): Illuminate\Routing\Router->dispatchToRoute(Object(Illuminate\Http\Request))
#24 C:\Users\Kervi\laravel_projects\quickleave5\storage\framework\compiled.php(1886): Illuminate\Routing\Router->dispatch(Object(Illuminate\Http\Request))
#25 [internal function]: Illuminate\Foundation\Http\Kernel->Illuminate\Foundation\Http\{closure}(Object(Illuminate\Http\Request))
#26 C:\Users\Kervi\laravel_projects\quickleave5\storage\framework\compiled.php(8874): call_user_func(Object(Closure), Object(Illuminate\Http\Request))
#27 C:\Users\Kervi\laravel_projects\quickleave5\storage\framework\compiled.php(2385): Illuminate\Pipeline\Pipeline->Illuminate\Pipeline\{closure}(Object(Illuminate\Http\Request))
#28 C:\Users\Kervi\laravel_projects\quickleave5\app\Http\Middleware\VerifyCsrfToken.php(17): Illuminate\Foundation\Http\Middleware\VerifyCsrfToken->handle(Object(Illuminate\Http\Request), Object(Closure))
#29 C:\Users\Kervi\laravel_projects\quickleave5\storage\framework\compiled.php(8866): App\Http\Middleware\VerifyCsrfToken->handle(Object(Illuminate\Http\Request), Object(Closure))
#30 C:\Users\Kervi\laravel_projects\quickleave5\storage\framework\compiled.php(12004): Illuminate\Pipeline\Pipeline->Illuminate\Pipeline\{closure}(Object(Illuminate\Http\Request))
#31 C:\Users\Kervi\laravel_projects\quickleave5\storage\framework\compiled.php(8866): Illuminate\View\Middleware\ShareErrorsFromSession->handle(Object(Illuminate\Http\Request), Object(Closure))
#32 C:\Users\Kervi\laravel_projects\quickleave5\storage\framework\compiled.php(10710): Illuminate\Pipeline\Pipeline->Illuminate\Pipeline\{closure}(Object(Illuminate\Http\Request))
#33 C:\Users\Kervi\laravel_projects\quickleave5\storage\framework\compiled.php(8866): Illuminate\Session\Middleware\StartSession->handle(Object(Illuminate\Http\Request), Object(Closure))
#34 C:\Users\Kervi\laravel_projects\quickleave5\storage\framework\compiled.php(11710): Illuminate\Pipeline\Pipeline->Illuminate\Pipeline\{closure}(Object(Illuminate\Http\Request))
#35 C:\Users\Kervi\laravel_projects\quickleave5\storage\framework\compiled.php(8866): Illuminate\Cookie\Middleware\AddQueuedCookiesToResponse->handle(Object(Illuminate\Http\Request), Object(Closure))
#36 C:\Users\Kervi\laravel_projects\quickleave5\storage\framework\compiled.php(11659): Illuminate\Pipeline\Pipeline->Illuminate\Pipeline\{closure}(Object(Illuminate\Http\Request))
#37 C:\Users\Kervi\laravel_projects\quickleave5\storage\framework\compiled.php(8866): Illuminate\Cookie\Middleware\EncryptCookies->handle(Object(Illuminate\Http\Request), Object(Closure))
#38 C:\Users\Kervi\laravel_projects\quickleave5\storage\framework\compiled.php(2423): Illuminate\Pipeline\Pipeline->Illuminate\Pipeline\{closure}(Object(Illuminate\Http\Request))
#39 C:\Users\Kervi\laravel_projects\quickleave5\storage\framework\compiled.php(8866): Illuminate\Foundation\Http\Middleware\CheckForMaintenanceMode->handle(Object(Illuminate\Http\Request), Object(Closure))
#40 [internal function]: Illuminate\Pipeline\Pipeline->Illuminate\Pipeline\{closure}(Object(Illuminate\Http\Request))
#41 C:\Users\Kervi\laravel_projects\quickleave5\storage\framework\compiled.php(8857): call_user_func(Object(Closure), Object(Illuminate\Http\Request))
#42 C:\Users\Kervi\laravel_projects\quickleave5\storage\framework\compiled.php(1864): Illuminate\Pipeline\Pipeline->then(Object(Closure))
#43 C:\Users\Kervi\laravel_projects\quickleave5\storage\framework\compiled.php(1853): Illuminate\Foundation\Http\Kernel->sendRequestThroughRouter(Object(Illuminate\Http\Request))
#44 C:\Users\Kervi\laravel_projects\quickleave5\public\index.php(53): Illuminate\Foundation\Http\Kernel->handle(Object(Illuminate\Http\Request))
#45 {main}  
