[2015-02-22 07:21:15] production.ERROR: exception 'Symfony\Component\Debug\Exception\FatalErrorException' with message 'syntax error, unexpected 'list' (T_LIST)' in C:\quickleave\storage\framework\views\6419d09f6c02ae67fe0817d20c1d8d35:35
Stack trace:
#0 C:\quickleave\storage\framework\compiled.php(1736): Illuminate\Foundation\Bootstrap\HandleExceptions->fatalExceptionFromError(Array)
#1 [internal function]: Illuminate\Foundation\Bootstrap\HandleExceptions->handleShutdown()
#2 {main}  
[2015-02-22 08:40:20] production.ERROR: exception 'Symfony\Component\Debug\Exception\FatalErrorException' with message 'syntax error, unexpected ';'' in C:\quickleave\storage\framework\views\6419d09f6c02ae67fe0817d20c1d8d35:36
Stack trace:
#0 C:\quickleave\storage\framework\compiled.php(1736): Illuminate\Foundation\Bootstrap\HandleExceptions->fatalExceptionFromError(Array)
#1 [internal function]: Illuminate\Foundation\Bootstrap\HandleExceptions->handleShutdown()
#2 {main}  
[2015-02-22 08:44:59] production.ERROR: exception 'Symfony\Component\Debug\Exception\FatalErrorException' with message 'syntax error, unexpected ';'' in C:\quickleave\storage\framework\views\6419d09f6c02ae67fe0817d20c1d8d35:36
Stack trace:
#0 C:\quickleave\storage\framework\compiled.php(1736): Illuminate\Foundation\Bootstrap\HandleExceptions->fatalExceptionFromError(Array)
#1 [internal function]: Illuminate\Foundation\Bootstrap\HandleExceptions->handleShutdown()
#2 {main}  
[2015-02-22 08:46:47] production.ERROR: exception 'Symfony\Component\Debug\Exception\FatalErrorException' with message 'syntax error, unexpected ';'' in C:\quickleave\storage\framework\views\6419d09f6c02ae67fe0817d20c1d8d35:36
Stack trace:
#0 C:\quickleave\storage\framework\compiled.php(1736): Illuminate\Foundation\Bootstrap\HandleExceptions->fatalExceptionFromError(Array)
#1 [internal function]: Illuminate\Foundation\Bootstrap\HandleExceptions->handleShutdown()
#2 {main}  
[2015-02-22 12:53:27] production.ERROR: exception 'PDOException' with message 'SQLSTATE[42S02]: Base table or view not found: 1146 Table 'quickleave_db.teams' doesn't exist' in C:\laravel_git\quickleave\vendor\laravel\framework\src\Illuminate\Database\Connection.php:288
Stack trace:
#0 C:\laravel_git\quickleave\vendor\laravel\framework\src\Illuminate\Database\Connection.php(288): PDO->prepare('select * from `...')
#1 C:\laravel_git\quickleave\vendor\laravel\framework\src\Illuminate\Database\Connection.php(606): Illuminate\Database\Connection->Illuminate\Database\{closure}(Object(Illuminate\Database\MySqlConnection), 'select * from `...', Array)
#2 C:\laravel_git\quickleave\vendor\laravel\framework\src\Illuminate\Database\Connection.php(570): Illuminate\Database\Connection->runQueryCallback('select * from `...', Array, Object(Closure))
#3 C:\laravel_git\quickleave\vendor\laravel\framework\src\Illuminate\Database\Connection.php(293): Illuminate\Database\Connection->run('select * from `...', Array, Object(Closure))
#4 C:\laravel_git\quickleave\vendor\laravel\framework\src\Illuminate\Database\Query\Builder.php(1374): Illuminate\Database\Connection->select('select * from `...', Array, true)
#5 C:\laravel_git\quickleave\vendor\laravel\framework\src\Illuminate\Database\Query\Builder.php(1364): Illuminate\Database\Query\Builder->runSelect()
#6 C:\laravel_git\quickleave\vendor\laravel\framework\src\Illuminate\Database\Query\Builder.php(1351): Illuminate\Database\Query\Builder->getFresh(Array)
#7 C:\laravel_git\quickleave\vendor\laravel\framework\src\Illuminate\Database\Eloquent\Builder.php(380): Illuminate\Database\Query\Builder->get(Array)
#8 C:\laravel_git\quickleave\vendor\laravel\framework\src\Illuminate\Database\Eloquent\Builder.php(162): Illuminate\Database\Eloquent\Builder->getModels(Array)
#9 C:\laravel_git\quickleave\storage\framework\compiled.php(9389): Illuminate\Database\Eloquent\Builder->get(Array)
#10 C:\laravel_git\quickleave\app\Http\Controllers\TeamController.php(29): Illuminate\Database\Eloquent\Model::all()
#11 [internal function]: App\Http\Controllers\TeamController->index()
#12 C:\laravel_git\quickleave\storage\framework\compiled.php(8230): call_user_func_array(Array, Array)
#13 C:\laravel_git\quickleave\storage\framework\compiled.php(8297): Illuminate\Routing\Controller->callAction('index', Array)
#14 C:\laravel_git\quickleave\storage\framework\compiled.php(8276): Illuminate\Routing\ControllerDispatcher->call(Object(App\Http\Controllers\TeamController), Object(Illuminate\Routing\Route), 'index')
#15 [internal function]: Illuminate\Routing\ControllerDispatcher->Illuminate\Routing\{closure}(Object(Illuminate\Http\Request))
#16 C:\laravel_git\quickleave\storage\framework\compiled.php(8895): call_user_func(Object(Closure), Object(Illuminate\Http\Request))
#17 [internal function]: Illuminate\Pipeline\Pipeline->Illuminate\Pipeline\{closure}(Object(Illuminate\Http\Request))
#18 C:\laravel_git\quickleave\storage\framework\compiled.php(8878): call_user_func(Object(Closure), Object(Illuminate\Http\Request))
#19 C:\laravel_git\quickleave\storage\framework\compiled.php(8277): Illuminate\Pipeline\Pipeline->then(Object(Closure))
#20 C:\laravel_git\quickleave\storage\framework\compiled.php(8263): Illuminate\Routing\ControllerDispatcher->callWithinStack(Object(App\Http\Controllers\TeamController), Object(Illuminate\Routing\Route), Object(Illuminate\Http\Request), 'index')
#21 C:\laravel_git\quickleave\storage\framework\compiled.php(7260): Illuminate\Routing\ControllerDispatcher->dispatch(Object(Illuminate\Routing\Route), Object(Illuminate\Http\Request), 'App\\Http\\Contro...', 'index')
#22 C:\laravel_git\quickleave\storage\framework\compiled.php(7231): Illuminate\Routing\Route->runWithCustomDispatcher(Object(Illuminate\Http\Request))
#23 C:\laravel_git\quickleave\storage\framework\compiled.php(6897): Illuminate\Routing\Route->run(Object(Illuminate\Http\Request))
#24 [internal function]: Illuminate\Routing\Router->Illuminate\Routing\{closure}(Object(Illuminate\Http\Request))
#25 C:\laravel_git\quickleave\storage\framework\compiled.php(8895): call_user_func(Object(Closure), Object(Illuminate\Http\Request))
#26 [internal function]: Illuminate\Pipeline\Pipeline->Illuminate\Pipeline\{closure}(Object(Illuminate\Http\Request))
#27 C:\laravel_git\quickleave\storage\framework\compiled.php(8878): call_user_func(Object(Closure), Object(Illuminate\Http\Request))
#28 C:\laravel_git\quickleave\storage\framework\compiled.php(6898): Illuminate\Pipeline\Pipeline->then(Object(Closure))
#29 C:\laravel_git\quickleave\storage\framework\compiled.php(6887): Illuminate\Routing\Router->runRouteWithinStack(Object(Illuminate\Routing\Route), Object(Illuminate\Http\Request))
#30 C:\laravel_git\quickleave\storage\framework\compiled.php(6872): Illuminate\Routing\Router->dispatchToRoute(Object(Illuminate\Http\Request))
#31 C:\laravel_git\quickleave\storage\framework\compiled.php(1901): Illuminate\Routing\Router->dispatch(Object(Illuminate\Http\Request))
#32 [internal function]: Illuminate\Foundation\Http\Kernel->Illuminate\Foundation\Http\{closure}(Object(Illuminate\Http\Request))
#33 C:\laravel_git\quickleave\storage\framework\compiled.php(8895): call_user_func(Object(Closure), Object(Illuminate\Http\Request))
#34 C:\laravel_git\quickleave\storage\framework\compiled.php(2400): Illuminate\Pipeline\Pipeline->Illuminate\Pipeline\{closure}(Object(Illuminate\Http\Request))
#35 C:\laravel_git\quickleave\app\Http\Middleware\VerifyCsrfToken.php(17): Illuminate\Foundation\Http\Middleware\VerifyCsrfToken->handle(Object(Illuminate\Http\Request), Object(Closure))
#36 C:\laravel_git\quickleave\storage\framework\compiled.php(8887): App\Http\Middleware\VerifyCsrfToken->handle(Object(Illuminate\Http\Request), Object(Closure))
#37 C:\laravel_git\quickleave\storage\framework\compiled.php(12022): Illuminate\Pipeline\Pipeline->Illuminate\Pipeline\{closure}(Object(Illuminate\Http\Request))
#38 C:\laravel_git\quickleave\storage\framework\compiled.php(8887): Illuminate\View\Middleware\ShareErrorsFromSession->handle(Object(Illuminate\Http\Request), Object(Closure))
#39 C:\laravel_git\quickleave\storage\framework\compiled.php(10728): Illuminate\Pipeline\Pipeline->Illuminate\Pipeline\{closure}(Object(Illuminate\Http\Request))
#40 C:\laravel_git\quickleave\storage\framework\compiled.php(8887): Illuminate\Session\Middleware\StartSession->handle(Object(Illuminate\Http\Request), Object(Closure))
#41 C:\laravel_git\quickleave\storage\framework\compiled.php(11728): Illuminate\Pipeline\Pipeline->Illuminate\Pipeline\{closure}(Object(Illuminate\Http\Request))
#42 C:\laravel_git\quickleave\storage\framework\compiled.php(8887): Illuminate\Cookie\Middleware\AddQueuedCookiesToResponse->handle(Object(Illuminate\Http\Request), Object(Closure))
#43 C:\laravel_git\quickleave\storage\framework\compiled.php(11677): Illuminate\Pipeline\Pipeline->Illuminate\Pipeline\{closure}(Object(Illuminate\Http\Request))
#44 C:\laravel_git\quickleave\storage\framework\compiled.php(8887): Illuminate\Cookie\Middleware\EncryptCookies->handle(Object(Illuminate\Http\Request), Object(Closure))
#45 C:\laravel_git\quickleave\storage\framework\compiled.php(2440): Illuminate\Pipeline\Pipeline->Illuminate\Pipeline\{closure}(Object(Illuminate\Http\Request))
#46 C:\laravel_git\quickleave\storage\framework\compiled.php(8887): Illuminate\Foundation\Http\Middleware\CheckForMaintenanceMode->handle(Object(Illuminate\Http\Request), Object(Closure))
#47 [internal function]: Illuminate\Pipeline\Pipeline->Illuminate\Pipeline\{closure}(Object(Illuminate\Http\Request))
#48 C:\laravel_git\quickleave\storage\framework\compiled.php(8878): call_user_func(Object(Closure), Object(Illuminate\Http\Request))
#49 C:\laravel_git\quickleave\storage\framework\compiled.php(1879): Illuminate\Pipeline\Pipeline->then(Object(Closure))
#50 C:\laravel_git\quickleave\storage\framework\compiled.php(1868): Illuminate\Foundation\Http\Kernel->sendRequestThroughRouter(Object(Illuminate\Http\Request))
#51 C:\laravel_git\quickleave\public\index.php(53): Illuminate\Foundation\Http\Kernel->handle(Object(Illuminate\Http\Request))
#52 {main}

Next exception 'Illuminate\Database\QueryException' with message 'SQLSTATE[42S02]: Base table or view not found: 1146 Table 'quickleave_db.teams' doesn't exist (SQL: select * from `teams`)' in C:\laravel_git\quickleave\vendor\laravel\framework\src\Illuminate\Database\Connection.php:614
Stack trace:
#0 C:\laravel_git\quickleave\vendor\laravel\framework\src\Illuminate\Database\Connection.php(570): Illuminate\Database\Connection->runQueryCallback('select * from `...', Array, Object(Closure))
#1 C:\laravel_git\quickleave\vendor\laravel\framework\src\Illuminate\Database\Connection.php(293): Illuminate\Database\Connection->run('select * from `...', Array, Object(Closure))
#2 C:\laravel_git\quickleave\vendor\laravel\framework\src\Illuminate\Database\Query\Builder.php(1374): Illuminate\Database\Connection->select('select * from `...', Array, true)
#3 C:\laravel_git\quickleave\vendor\laravel\framework\src\Illuminate\Database\Query\Builder.php(1364): Illuminate\Database\Query\Builder->runSelect()
#4 C:\laravel_git\quickleave\vendor\laravel\framework\src\Illuminate\Database\Query\Builder.php(1351): Illuminate\Database\Query\Builder->getFresh(Array)
#5 C:\laravel_git\quickleave\vendor\laravel\framework\src\Illuminate\Database\Eloquent\Builder.php(380): Illuminate\Database\Query\Builder->get(Array)
#6 C:\laravel_git\quickleave\vendor\laravel\framework\src\Illuminate\Database\Eloquent\Builder.php(162): Illuminate\Database\Eloquent\Builder->getModels(Array)
#7 C:\laravel_git\quickleave\storage\framework\compiled.php(9389): Illuminate\Database\Eloquent\Builder->get(Array)
#8 C:\laravel_git\quickleave\app\Http\Controllers\TeamController.php(29): Illuminate\Database\Eloquent\Model::all()
#9 [internal function]: App\Http\Controllers\TeamController->index()
#10 C:\laravel_git\quickleave\storage\framework\compiled.php(8230): call_user_func_array(Array, Array)
#11 C:\laravel_git\quickleave\storage\framework\compiled.php(8297): Illuminate\Routing\Controller->callAction('index', Array)
#12 C:\laravel_git\quickleave\storage\framework\compiled.php(8276): Illuminate\Routing\ControllerDispatcher->call(Object(App\Http\Controllers\TeamController), Object(Illuminate\Routing\Route), 'index')
#13 [internal function]: Illuminate\Routing\ControllerDispatcher->Illuminate\Routing\{closure}(Object(Illuminate\Http\Request))
#14 C:\laravel_git\quickleave\storage\framework\compiled.php(8895): call_user_func(Object(Closure), Object(Illuminate\Http\Request))
#15 [internal function]: Illuminate\Pipeline\Pipeline->Illuminate\Pipeline\{closure}(Object(Illuminate\Http\Request))
#16 C:\laravel_git\quickleave\storage\framework\compiled.php(8878): call_user_func(Object(Closure), Object(Illuminate\Http\Request))
#17 C:\laravel_git\quickleave\storage\framework\compiled.php(8277): Illuminate\Pipeline\Pipeline->then(Object(Closure))
#18 C:\laravel_git\quickleave\storage\framework\compiled.php(8263): Illuminate\Routing\ControllerDispatcher->callWithinStack(Object(App\Http\Controllers\TeamController), Object(Illuminate\Routing\Route), Object(Illuminate\Http\Request), 'index')
#19 C:\laravel_git\quickleave\storage\framework\compiled.php(7260): Illuminate\Routing\ControllerDispatcher->dispatch(Object(Illuminate\Routing\Route), Object(Illuminate\Http\Request), 'App\\Http\\Contro...', 'index')
#20 C:\laravel_git\quickleave\storage\framework\compiled.php(7231): Illuminate\Routing\Route->runWithCustomDispatcher(Object(Illuminate\Http\Request))
#21 C:\laravel_git\quickleave\storage\framework\compiled.php(6897): Illuminate\Routing\Route->run(Object(Illuminate\Http\Request))
#22 [internal function]: Illuminate\Routing\Router->Illuminate\Routing\{closure}(Object(Illuminate\Http\Request))
#23 C:\laravel_git\quickleave\storage\framework\compiled.php(8895): call_user_func(Object(Closure), Object(Illuminate\Http\Request))
#24 [internal function]: Illuminate\Pipeline\Pipeline->Illuminate\Pipeline\{closure}(Object(Illuminate\Http\Request))
#25 C:\laravel_git\quickleave\storage\framework\compiled.php(8878): call_user_func(Object(Closure), Object(Illuminate\Http\Request))
#26 C:\laravel_git\quickleave\storage\framework\compiled.php(6898): Illuminate\Pipeline\Pipeline->then(Object(Closure))
#27 C:\laravel_git\quickleave\storage\framework\compiled.php(6887): Illuminate\Routing\Router->runRouteWithinStack(Object(Illuminate\Routing\Route), Object(Illuminate\Http\Request))
#28 C:\laravel_git\quickleave\storage\framework\compiled.php(6872): Illuminate\Routing\Router->dispatchToRoute(Object(Illuminate\Http\Request))
#29 C:\laravel_git\quickleave\storage\framework\compiled.php(1901): Illuminate\Routing\Router->dispatch(Object(Illuminate\Http\Request))
#30 [internal function]: Illuminate\Foundation\Http\Kernel->Illuminate\Foundation\Http\{closure}(Object(Illuminate\Http\Request))
#31 C:\laravel_git\quickleave\storage\framework\compiled.php(8895): call_user_func(Object(Closure), Object(Illuminate\Http\Request))
#32 C:\laravel_git\quickleave\storage\framework\compiled.php(2400): Illuminate\Pipeline\Pipeline->Illuminate\Pipeline\{closure}(Object(Illuminate\Http\Request))
#33 C:\laravel_git\quickleave\app\Http\Middleware\VerifyCsrfToken.php(17): Illuminate\Foundation\Http\Middleware\VerifyCsrfToken->handle(Object(Illuminate\Http\Request), Object(Closure))
#34 C:\laravel_git\quickleave\storage\framework\compiled.php(8887): App\Http\Middleware\VerifyCsrfToken->handle(Object(Illuminate\Http\Request), Object(Closure))
#35 C:\laravel_git\quickleave\storage\framework\compiled.php(12022): Illuminate\Pipeline\Pipeline->Illuminate\Pipeline\{closure}(Object(Illuminate\Http\Request))
#36 C:\laravel_git\quickleave\storage\framework\compiled.php(8887): Illuminate\View\Middleware\ShareErrorsFromSession->handle(Object(Illuminate\Http\Request), Object(Closure))
#37 C:\laravel_git\quickleave\storage\framework\compiled.php(10728): Illuminate\Pipeline\Pipeline->Illuminate\Pipeline\{closure}(Object(Illuminate\Http\Request))
#38 C:\laravel_git\quickleave\storage\framework\compiled.php(8887): Illuminate\Session\Middleware\StartSession->handle(Object(Illuminate\Http\Request), Object(Closure))
#39 C:\laravel_git\quickleave\storage\framework\compiled.php(11728): Illuminate\Pipeline\Pipeline->Illuminate\Pipeline\{closure}(Object(Illuminate\Http\Request))
#40 C:\laravel_git\quickleave\storage\framework\compiled.php(8887): Illuminate\Cookie\Middleware\AddQueuedCookiesToResponse->handle(Object(Illuminate\Http\Request), Object(Closure))
#41 C:\laravel_git\quickleave\storage\framework\compiled.php(11677): Illuminate\Pipeline\Pipeline->Illuminate\Pipeline\{closure}(Object(Illuminate\Http\Request))
#42 C:\laravel_git\quickleave\storage\framework\compiled.php(8887): Illuminate\Cookie\Middleware\EncryptCookies->handle(Object(Illuminate\Http\Request), Object(Closure))
#43 C:\laravel_git\quickleave\storage\framework\compiled.php(2440): Illuminate\Pipeline\Pipeline->Illuminate\Pipeline\{closure}(Object(Illuminate\Http\Request))
#44 C:\laravel_git\quickleave\storage\framework\compiled.php(8887): Illuminate\Foundation\Http\Middleware\CheckForMaintenanceMode->handle(Object(Illuminate\Http\Request), Object(Closure))
#45 [internal function]: Illuminate\Pipeline\Pipeline->Illuminate\Pipeline\{closure}(Object(Illuminate\Http\Request))
#46 C:\laravel_git\quickleave\storage\framework\compiled.php(8878): call_user_func(Object(Closure), Object(Illuminate\Http\Request))
#47 C:\laravel_git\quickleave\storage\framework\compiled.php(1879): Illuminate\Pipeline\Pipeline->then(Object(Closure))
#48 C:\laravel_git\quickleave\storage\framework\compiled.php(1868): Illuminate\Foundation\Http\Kernel->sendRequestThroughRouter(Object(Illuminate\Http\Request))
#49 C:\laravel_git\quickleave\public\index.php(53): Illuminate\Foundation\Http\Kernel->handle(Object(Illuminate\Http\Request))
#50 {main}  
[2015-02-22 12:54:26] production.ERROR: exception 'PDOException' with message 'SQLSTATE[23000]: Integrity constraint violation: 1452 Cannot add or update a child row: a foreign key constraint fails (`quickleave_db`.`#sql-1e70_12`, CONSTRAINT `users_teams_id_foreign` FOREIGN KEY (`teams_id`) REFERENCES `teams` (`id`) ON DELETE CASCADE ON UPDATE CASCADE)' in C:\laravel_git\quickleave\vendor\laravel\framework\src\Illuminate\Database\Connection.php:358
Stack trace:
#0 C:\laravel_git\quickleave\vendor\laravel\framework\src\Illuminate\Database\Connection.php(358): PDOStatement->execute(Array)
#1 C:\laravel_git\quickleave\vendor\laravel\framework\src\Illuminate\Database\Connection.php(606): Illuminate\Database\Connection->Illuminate\Database\{closure}(Object(Illuminate\Database\MySqlConnection), 'alter table `us...', Array)
#2 C:\laravel_git\quickleave\vendor\laravel\framework\src\Illuminate\Database\Connection.php(570): Illuminate\Database\Connection->runQueryCallback('alter table `us...', Array, Object(Closure))
#3 C:\laravel_git\quickleave\vendor\laravel\framework\src\Illuminate\Database\Connection.php(359): Illuminate\Database\Connection->run('alter table `us...', Array, Object(Closure))
#4 C:\laravel_git\quickleave\vendor\laravel\framework\src\Illuminate\Database\Schema\Blueprint.php(63): Illuminate\Database\Connection->statement('alter table `us...')
#5 C:\laravel_git\quickleave\vendor\laravel\framework\src\Illuminate\Database\Schema\Builder.php(169): Illuminate\Database\Schema\Blueprint->build(Object(Illuminate\Database\MySqlConnection), Object(Illuminate\Database\Schema\Grammars\MySqlGrammar))
#6 C:\laravel_git\quickleave\vendor\laravel\framework\src\Illuminate\Database\Schema\Builder.php(94): Illuminate\Database\Schema\Builder->build(Object(Illuminate\Database\Schema\Blueprint))
#7 C:\laravel_git\quickleave\storage\framework\compiled.php(5249): Illuminate\Database\Schema\Builder->table('users', Object(Closure))
#8 C:\laravel_git\quickleave\database\migrations\2015_02_20_135056_create_users_fk.php(21): Illuminate\Support\Facades\Facade::__callStatic('table', Array)
#9 C:\laravel_git\quickleave\database\migrations\2015_02_20_135056_create_users_fk.php(21): Illuminate\Support\Facades\Schema::table('users', Object(Closure))
#10 C:\laravel_git\quickleave\vendor\laravel\framework\src\Illuminate\Database\Migrations\Migrator.php(135): CreateUsersFk->up()
#11 C:\laravel_git\quickleave\vendor\laravel\framework\src\Illuminate\Database\Migrations\Migrator.php(111): Illuminate\Database\Migrations\Migrator->runUp('2015_02_20_1350...', 5, false)
#12 C:\laravel_git\quickleave\vendor\laravel\framework\src\Illuminate\Database\Migrations\Migrator.php(82): Illuminate\Database\Migrations\Migrator->runMigrationList(Array, false)
#13 C:\laravel_git\quickleave\vendor\laravel\framework\src\Illuminate\Database\Console\Migrations\MigrateCommand.php(73): Illuminate\Database\Migrations\Migrator->run('C:\\laravel_git\\...', false)
#14 [internal function]: Illuminate\Database\Console\Migrations\MigrateCommand->fire()
#15 C:\laravel_git\quickleave\storage\framework\compiled.php(923): call_user_func_array(Array, Array)
#16 C:\laravel_git\quickleave\vendor\laravel\framework\src\Illuminate\Console\Command.php(115): Illuminate\Container\Container->call(Array)
#17 C:\laravel_git\quickleave\vendor\symfony\console\Symfony\Component\Console\Command\Command.php(253): Illuminate\Console\Command->execute(Object(Symfony\Component\Console\Input\ArgvInput), Object(Symfony\Component\Console\Output\ConsoleOutput))
#18 C:\laravel_git\quickleave\vendor\laravel\framework\src\Illuminate\Console\Command.php(101): Symfony\Component\Console\Command\Command->run(Object(Symfony\Component\Console\Input\ArgvInput), Object(Symfony\Component\Console\Output\ConsoleOutput))
#19 C:\laravel_git\quickleave\vendor\symfony\console\Symfony\Component\Console\Application.php(874): Illuminate\Console\Command->run(Object(Symfony\Component\Console\Input\ArgvInput), Object(Symfony\Component\Console\Output\ConsoleOutput))
#20 C:\laravel_git\quickleave\vendor\symfony\console\Symfony\Component\Console\Application.php(195): Symfony\Component\Console\Application->doRunCommand(Object(Illuminate\Database\Console\Migrations\MigrateCommand), Object(Symfony\Component\Console\Input\ArgvInput), Object(Symfony\Component\Console\Output\ConsoleOutput))
#21 C:\laravel_git\quickleave\vendor\symfony\console\Symfony\Component\Console\Application.php(126): Symfony\Component\Console\Application->doRun(Object(Symfony\Component\Console\Input\ArgvInput), Object(Symfony\Component\Console\Output\ConsoleOutput))
#22 C:\laravel_git\quickleave\vendor\laravel\framework\src\Illuminate\Foundation\Console\Kernel.php(90): Symfony\Component\Console\Application->run(Object(Symfony\Component\Console\Input\ArgvInput), Object(Symfony\Component\Console\Output\ConsoleOutput))
#23 C:\laravel_git\quickleave\artisan(36): Illuminate\Foundation\Console\Kernel->handle(Object(Symfony\Component\Console\Input\ArgvInput), Object(Symfony\Component\Console\Output\ConsoleOutput))
#24 {main}

Next exception 'Illuminate\Database\QueryException' with message 'SQLSTATE[23000]: Integrity constraint violation: 1452 Cannot add or update a child row: a foreign key constraint fails (`quickleave_db`.`#sql-1e70_12`, CONSTRAINT `users_teams_id_foreign` FOREIGN KEY (`teams_id`) REFERENCES `teams` (`id`) ON DELETE CASCADE ON UPDATE CASCADE) (SQL: alter table `users` add constraint users_teams_id_foreign foreign key (`teams_id`) references `teams` (`id`) on delete cascade on update cascade)' in C:\laravel_git\quickleave\vendor\laravel\framework\src\Illuminate\Database\Connection.php:614
Stack trace:
#0 C:\laravel_git\quickleave\vendor\laravel\framework\src\Illuminate\Database\Connection.php(570): Illuminate\Database\Connection->runQueryCallback('alter table `us...', Array, Object(Closure))
#1 C:\laravel_git\quickleave\vendor\laravel\framework\src\Illuminate\Database\Connection.php(359): Illuminate\Database\Connection->run('alter table `us...', Array, Object(Closure))
#2 C:\laravel_git\quickleave\vendor\laravel\framework\src\Illuminate\Database\Schema\Blueprint.php(63): Illuminate\Database\Connection->statement('alter table `us...')
#3 C:\laravel_git\quickleave\vendor\laravel\framework\src\Illuminate\Database\Schema\Builder.php(169): Illuminate\Database\Schema\Blueprint->build(Object(Illuminate\Database\MySqlConnection), Object(Illuminate\Database\Schema\Grammars\MySqlGrammar))
#4 C:\laravel_git\quickleave\vendor\laravel\framework\src\Illuminate\Database\Schema\Builder.php(94): Illuminate\Database\Schema\Builder->build(Object(Illuminate\Database\Schema\Blueprint))
#5 C:\laravel_git\quickleave\storage\framework\compiled.php(5249): Illuminate\Database\Schema\Builder->table('users', Object(Closure))
#6 C:\laravel_git\quickleave\database\migrations\2015_02_20_135056_create_users_fk.php(21): Illuminate\Support\Facades\Facade::__callStatic('table', Array)
#7 C:\laravel_git\quickleave\database\migrations\2015_02_20_135056_create_users_fk.php(21): Illuminate\Support\Facades\Schema::table('users', Object(Closure))
#8 C:\laravel_git\quickleave\vendor\laravel\framework\src\Illuminate\Database\Migrations\Migrator.php(135): CreateUsersFk->up()
#9 C:\laravel_git\quickleave\vendor\laravel\framework\src\Illuminate\Database\Migrations\Migrator.php(111): Illuminate\Database\Migrations\Migrator->runUp('2015_02_20_1350...', 5, false)
#10 C:\laravel_git\quickleave\vendor\laravel\framework\src\Illuminate\Database\Migrations\Migrator.php(82): Illuminate\Database\Migrations\Migrator->runMigrationList(Array, false)
#11 C:\laravel_git\quickleave\vendor\laravel\framework\src\Illuminate\Database\Console\Migrations\MigrateCommand.php(73): Illuminate\Database\Migrations\Migrator->run('C:\\laravel_git\\...', false)
#12 [internal function]: Illuminate\Database\Console\Migrations\MigrateCommand->fire()
#13 C:\laravel_git\quickleave\storage\framework\compiled.php(923): call_user_func_array(Array, Array)
#14 C:\laravel_git\quickleave\vendor\laravel\framework\src\Illuminate\Console\Command.php(115): Illuminate\Container\Container->call(Array)
#15 C:\laravel_git\quickleave\vendor\symfony\console\Symfony\Component\Console\Command\Command.php(253): Illuminate\Console\Command->execute(Object(Symfony\Component\Console\Input\ArgvInput), Object(Symfony\Component\Console\Output\ConsoleOutput))
#16 C:\laravel_git\quickleave\vendor\laravel\framework\src\Illuminate\Console\Command.php(101): Symfony\Component\Console\Command\Command->run(Object(Symfony\Component\Console\Input\ArgvInput), Object(Symfony\Component\Console\Output\ConsoleOutput))
#17 C:\laravel_git\quickleave\vendor\symfony\console\Symfony\Component\Console\Application.php(874): Illuminate\Console\Command->run(Object(Symfony\Component\Console\Input\ArgvInput), Object(Symfony\Component\Console\Output\ConsoleOutput))
#18 C:\laravel_git\quickleave\vendor\symfony\console\Symfony\Component\Console\Application.php(195): Symfony\Component\Console\Application->doRunCommand(Object(Illuminate\Database\Console\Migrations\MigrateCommand), Object(Symfony\Component\Console\Input\ArgvInput), Object(Symfony\Component\Console\Output\ConsoleOutput))
#19 C:\laravel_git\quickleave\vendor\symfony\console\Symfony\Component\Console\Application.php(126): Symfony\Component\Console\Application->doRun(Object(Symfony\Component\Console\Input\ArgvInput), Object(Symfony\Component\Console\Output\ConsoleOutput))
#20 C:\laravel_git\quickleave\vendor\laravel\framework\src\Illuminate\Foundation\Console\Kernel.php(90): Symfony\Component\Console\Application->run(Object(Symfony\Component\Console\Input\ArgvInput), Object(Symfony\Component\Console\Output\ConsoleOutput))
#21 C:\laravel_git\quickleave\artisan(36): Illuminate\Foundation\Console\Kernel->handle(Object(Symfony\Component\Console\Input\ArgvInput), Object(Symfony\Component\Console\Output\ConsoleOutput))
#22 {main}  
[2015-02-22 13:02:49] production.ERROR: exception 'Symfony\Component\Debug\Exception\FatalErrorException' with message 'Class 'CreateTeamsTable' not found' in C:\laravel_git\quickleave\vendor\laravel\framework\src\Illuminate\Database\Migrations\Migrator.php:301
Stack trace:
#0 C:\laravel_git\quickleave\storage\framework\compiled.php(1736): Illuminate\Foundation\Bootstrap\HandleExceptions->fatalExceptionFromError(Array)
#1 [internal function]: Illuminate\Foundation\Bootstrap\HandleExceptions->handleShutdown()
#2 {main}  
[2015-02-22 13:02:57] production.ERROR: exception 'PDOException' with message 'SQLSTATE[42S21]: Column already exists: 1060 Duplicate column name 'teams_id'' in C:\laravel_git\quickleave\vendor\laravel\framework\src\Illuminate\Database\Connection.php:358
Stack trace:
#0 C:\laravel_git\quickleave\vendor\laravel\framework\src\Illuminate\Database\Connection.php(358): PDOStatement->execute(Array)
#1 C:\laravel_git\quickleave\vendor\laravel\framework\src\Illuminate\Database\Connection.php(606): Illuminate\Database\Connection->Illuminate\Database\{closure}(Object(Illuminate\Database\MySqlConnection), 'alter table `us...', Array)
#2 C:\laravel_git\quickleave\vendor\laravel\framework\src\Illuminate\Database\Connection.php(570): Illuminate\Database\Connection->runQueryCallback('alter table `us...', Array, Object(Closure))
#3 C:\laravel_git\quickleave\vendor\laravel\framework\src\Illuminate\Database\Connection.php(359): Illuminate\Database\Connection->run('alter table `us...', Array, Object(Closure))
#4 C:\laravel_git\quickleave\vendor\laravel\framework\src\Illuminate\Database\Schema\Blueprint.php(63): Illuminate\Database\Connection->statement('alter table `us...')
#5 C:\laravel_git\quickleave\vendor\laravel\framework\src\Illuminate\Database\Schema\Builder.php(169): Illuminate\Database\Schema\Blueprint->build(Object(Illuminate\Database\MySqlConnection), Object(Illuminate\Database\Schema\Grammars\MySqlGrammar))
#6 C:\laravel_git\quickleave\vendor\laravel\framework\src\Illuminate\Database\Schema\Builder.php(94): Illuminate\Database\Schema\Builder->build(Object(Illuminate\Database\Schema\Blueprint))
#7 C:\laravel_git\quickleave\storage\framework\compiled.php(5249): Illuminate\Database\Schema\Builder->table('users', Object(Closure))
#8 C:\laravel_git\quickleave\database\migrations\2015_02_20_135056_create_users_fk.php(21): Illuminate\Support\Facades\Facade::__callStatic('table', Array)
#9 C:\laravel_git\quickleave\database\migrations\2015_02_20_135056_create_users_fk.php(21): Illuminate\Support\Facades\Schema::table('users', Object(Closure))
#10 C:\laravel_git\quickleave\vendor\laravel\framework\src\Illuminate\Database\Migrations\Migrator.php(135): CreateUsersFk->up()
#11 C:\laravel_git\quickleave\vendor\laravel\framework\src\Illuminate\Database\Migrations\Migrator.php(111): Illuminate\Database\Migrations\Migrator->runUp('2015_02_20_1350...', 6, false)
#12 C:\laravel_git\quickleave\vendor\laravel\framework\src\Illuminate\Database\Migrations\Migrator.php(82): Illuminate\Database\Migrations\Migrator->runMigrationList(Array, false)
#13 C:\laravel_git\quickleave\vendor\laravel\framework\src\Illuminate\Database\Console\Migrations\MigrateCommand.php(73): Illuminate\Database\Migrations\Migrator->run('C:\\laravel_git\\...', false)
#14 [internal function]: Illuminate\Database\Console\Migrations\MigrateCommand->fire()
#15 C:\laravel_git\quickleave\storage\framework\compiled.php(923): call_user_func_array(Array, Array)
#16 C:\laravel_git\quickleave\vendor\laravel\framework\src\Illuminate\Console\Command.php(115): Illuminate\Container\Container->call(Array)
#17 C:\laravel_git\quickleave\vendor\symfony\console\Symfony\Component\Console\Command\Command.php(253): Illuminate\Console\Command->execute(Object(Symfony\Component\Console\Input\ArgvInput), Object(Symfony\Component\Console\Output\ConsoleOutput))
#18 C:\laravel_git\quickleave\vendor\laravel\framework\src\Illuminate\Console\Command.php(101): Symfony\Component\Console\Command\Command->run(Object(Symfony\Component\Console\Input\ArgvInput), Object(Symfony\Component\Console\Output\ConsoleOutput))
#19 C:\laravel_git\quickleave\vendor\symfony\console\Symfony\Component\Console\Application.php(874): Illuminate\Console\Command->run(Object(Symfony\Component\Console\Input\ArgvInput), Object(Symfony\Component\Console\Output\ConsoleOutput))
#20 C:\laravel_git\quickleave\vendor\symfony\console\Symfony\Component\Console\Application.php(195): Symfony\Component\Console\Application->doRunCommand(Object(Illuminate\Database\Console\Migrations\MigrateCommand), Object(Symfony\Component\Console\Input\ArgvInput), Object(Symfony\Component\Console\Output\ConsoleOutput))
#21 C:\laravel_git\quickleave\vendor\symfony\console\Symfony\Component\Console\Application.php(126): Symfony\Component\Console\Application->doRun(Object(Symfony\Component\Console\Input\ArgvInput), Object(Symfony\Component\Console\Output\ConsoleOutput))
#22 C:\laravel_git\quickleave\vendor\laravel\framework\src\Illuminate\Foundation\Console\Kernel.php(90): Symfony\Component\Console\Application->run(Object(Symfony\Component\Console\Input\ArgvInput), Object(Symfony\Component\Console\Output\ConsoleOutput))
#23 C:\laravel_git\quickleave\artisan(36): Illuminate\Foundation\Console\Kernel->handle(Object(Symfony\Component\Console\Input\ArgvInput), Object(Symfony\Component\Console\Output\ConsoleOutput))
#24 {main}

Next exception 'Illuminate\Database\QueryException' with message 'SQLSTATE[42S21]: Column already exists: 1060 Duplicate column name 'teams_id' (SQL: alter table `users` add `teams_id` int unsigned not null)' in C:\laravel_git\quickleave\vendor\laravel\framework\src\Illuminate\Database\Connection.php:614
Stack trace:
#0 C:\laravel_git\quickleave\vendor\laravel\framework\src\Illuminate\Database\Connection.php(570): Illuminate\Database\Connection->runQueryCallback('alter table `us...', Array, Object(Closure))
#1 C:\laravel_git\quickleave\vendor\laravel\framework\src\Illuminate\Database\Connection.php(359): Illuminate\Database\Connection->run('alter table `us...', Array, Object(Closure))
#2 C:\laravel_git\quickleave\vendor\laravel\framework\src\Illuminate\Database\Schema\Blueprint.php(63): Illuminate\Database\Connection->statement('alter table `us...')
#3 C:\laravel_git\quickleave\vendor\laravel\framework\src\Illuminate\Database\Schema\Builder.php(169): Illuminate\Database\Schema\Blueprint->build(Object(Illuminate\Database\MySqlConnection), Object(Illuminate\Database\Schema\Grammars\MySqlGrammar))
#4 C:\laravel_git\quickleave\vendor\laravel\framework\src\Illuminate\Database\Schema\Builder.php(94): Illuminate\Database\Schema\Builder->build(Object(Illuminate\Database\Schema\Blueprint))
#5 C:\laravel_git\quickleave\storage\framework\compiled.php(5249): Illuminate\Database\Schema\Builder->table('users', Object(Closure))
#6 C:\laravel_git\quickleave\database\migrations\2015_02_20_135056_create_users_fk.php(21): Illuminate\Support\Facades\Facade::__callStatic('table', Array)
#7 C:\laravel_git\quickleave\database\migrations\2015_02_20_135056_create_users_fk.php(21): Illuminate\Support\Facades\Schema::table('users', Object(Closure))
#8 C:\laravel_git\quickleave\vendor\laravel\framework\src\Illuminate\Database\Migrations\Migrator.php(135): CreateUsersFk->up()
#9 C:\laravel_git\quickleave\vendor\laravel\framework\src\Illuminate\Database\Migrations\Migrator.php(111): Illuminate\Database\Migrations\Migrator->runUp('2015_02_20_1350...', 6, false)
#10 C:\laravel_git\quickleave\vendor\laravel\framework\src\Illuminate\Database\Migrations\Migrator.php(82): Illuminate\Database\Migrations\Migrator->runMigrationList(Array, false)
#11 C:\laravel_git\quickleave\vendor\laravel\framework\src\Illuminate\Database\Console\Migrations\MigrateCommand.php(73): Illuminate\Database\Migrations\Migrator->run('C:\\laravel_git\\...', false)
#12 [internal function]: Illuminate\Database\Console\Migrations\MigrateCommand->fire()
#13 C:\laravel_git\quickleave\storage\framework\compiled.php(923): call_user_func_array(Array, Array)
#14 C:\laravel_git\quickleave\vendor\laravel\framework\src\Illuminate\Console\Command.php(115): Illuminate\Container\Container->call(Array)
#15 C:\laravel_git\quickleave\vendor\symfony\console\Symfony\Component\Console\Command\Command.php(253): Illuminate\Console\Command->execute(Object(Symfony\Component\Console\Input\ArgvInput), Object(Symfony\Component\Console\Output\ConsoleOutput))
#16 C:\laravel_git\quickleave\vendor\laravel\framework\src\Illuminate\Console\Command.php(101): Symfony\Component\Console\Command\Command->run(Object(Symfony\Component\Console\Input\ArgvInput), Object(Symfony\Component\Console\Output\ConsoleOutput))
#17 C:\laravel_git\quickleave\vendor\symfony\console\Symfony\Component\Console\Application.php(874): Illuminate\Console\Command->run(Object(Symfony\Component\Console\Input\ArgvInput), Object(Symfony\Component\Console\Output\ConsoleOutput))
#18 C:\laravel_git\quickleave\vendor\symfony\console\Symfony\Component\Console\Application.php(195): Symfony\Component\Console\Application->doRunCommand(Object(Illuminate\Database\Console\Migrations\MigrateCommand), Object(Symfony\Component\Console\Input\ArgvInput), Object(Symfony\Component\Console\Output\ConsoleOutput))
#19 C:\laravel_git\quickleave\vendor\symfony\console\Symfony\Component\Console\Application.php(126): Symfony\Component\Console\Application->doRun(Object(Symfony\Component\Console\Input\ArgvInput), Object(Symfony\Component\Console\Output\ConsoleOutput))
#20 C:\laravel_git\quickleave\vendor\laravel\framework\src\Illuminate\Foundation\Console\Kernel.php(90): Symfony\Component\Console\Application->run(Object(Symfony\Component\Console\Input\ArgvInput), Object(Symfony\Component\Console\Output\ConsoleOutput))
#21 C:\laravel_git\quickleave\artisan(36): Illuminate\Foundation\Console\Kernel->handle(Object(Symfony\Component\Console\Input\ArgvInput), Object(Symfony\Component\Console\Output\ConsoleOutput))
#22 {main}  
[2015-02-22 13:04:43] production.ERROR: exception 'PDOException' with message 'SQLSTATE[42S01]: Base table or view already exists: 1050 Table 'migrations' already exists' in C:\laravel_git\quickleave\vendor\laravel\framework\src\Illuminate\Database\Connection.php:358
Stack trace:
#0 C:\laravel_git\quickleave\vendor\laravel\framework\src\Illuminate\Database\Connection.php(358): PDOStatement->execute(Array)
#1 C:\laravel_git\quickleave\vendor\laravel\framework\src\Illuminate\Database\Connection.php(606): Illuminate\Database\Connection->Illuminate\Database\{closure}(Object(Illuminate\Database\MySqlConnection), 'create table `m...', Array)
#2 C:\laravel_git\quickleave\vendor\laravel\framework\src\Illuminate\Database\Connection.php(570): Illuminate\Database\Connection->runQueryCallback('create table `m...', Array, Object(Closure))
#3 C:\laravel_git\quickleave\vendor\laravel\framework\src\Illuminate\Database\Connection.php(359): Illuminate\Database\Connection->run('create table `m...', Array, Object(Closure))
#4 C:\laravel_git\quickleave\vendor\laravel\framework\src\Illuminate\Database\Schema\Blueprint.php(63): Illuminate\Database\Connection->statement('create table `m...')
#5 C:\laravel_git\quickleave\vendor\laravel\framework\src\Illuminate\Database\Schema\Builder.php(169): Illuminate\Database\Schema\Blueprint->build(Object(Illuminate\Database\MySqlConnection), Object(Illuminate\Database\Schema\Grammars\MySqlGrammar))
#6 C:\laravel_git\quickleave\vendor\laravel\framework\src\Illuminate\Database\Schema\Builder.php(112): Illuminate\Database\Schema\Builder->build(Object(Illuminate\Database\Schema\Blueprint))
#7 C:\laravel_git\quickleave\vendor\laravel\framework\src\Illuminate\Database\Migrations\DatabaseMigrationRepository.php(125): Illuminate\Database\Schema\Builder->create('migrations', Object(Closure))
#8 C:\laravel_git\quickleave\vendor\laravel\framework\src\Illuminate\Database\Console\Migrations\InstallCommand.php(52): Illuminate\Database\Migrations\DatabaseMigrationRepository->createRepository()
#9 [internal function]: Illuminate\Database\Console\Migrations\InstallCommand->fire()
#10 C:\laravel_git\quickleave\storage\framework\compiled.php(923): call_user_func_array(Array, Array)
#11 C:\laravel_git\quickleave\vendor\laravel\framework\src\Illuminate\Console\Command.php(115): Illuminate\Container\Container->call(Array)
#12 C:\laravel_git\quickleave\vendor\symfony\console\Symfony\Component\Console\Command\Command.php(253): Illuminate\Console\Command->execute(Object(Symfony\Component\Console\Input\ArgvInput), Object(Symfony\Component\Console\Output\ConsoleOutput))
#13 C:\laravel_git\quickleave\vendor\laravel\framework\src\Illuminate\Console\Command.php(101): Symfony\Component\Console\Command\Command->run(Object(Symfony\Component\Console\Input\ArgvInput), Object(Symfony\Component\Console\Output\ConsoleOutput))
#14 C:\laravel_git\quickleave\vendor\symfony\console\Symfony\Component\Console\Application.php(874): Illuminate\Console\Command->run(Object(Symfony\Component\Console\Input\ArgvInput), Object(Symfony\Component\Console\Output\ConsoleOutput))
#15 C:\laravel_git\quickleave\vendor\symfony\console\Symfony\Component\Console\Application.php(195): Symfony\Component\Console\Application->doRunCommand(Object(Illuminate\Database\Console\Migrations\InstallCommand), Object(Symfony\Component\Console\Input\ArgvInput), Object(Symfony\Component\Console\Output\ConsoleOutput))
#16 C:\laravel_git\quickleave\vendor\symfony\console\Symfony\Component\Console\Application.php(126): Symfony\Component\Console\Application->doRun(Object(Symfony\Component\Console\Input\ArgvInput), Object(Symfony\Component\Console\Output\ConsoleOutput))
#17 C:\laravel_git\quickleave\vendor\laravel\framework\src\Illuminate\Foundation\Console\Kernel.php(90): Symfony\Component\Console\Application->run(Object(Symfony\Component\Console\Input\ArgvInput), Object(Symfony\Component\Console\Output\ConsoleOutput))
#18 C:\laravel_git\quickleave\artisan(36): Illuminate\Foundation\Console\Kernel->handle(Object(Symfony\Component\Console\Input\ArgvInput), Object(Symfony\Component\Console\Output\ConsoleOutput))
#19 {main}

Next exception 'Illuminate\Database\QueryException' with message 'SQLSTATE[42S01]: Base table or view already exists: 1050 Table 'migrations' already exists (SQL: create table `migrations` (`migration` varchar(255) not null, `batch` int not null) default character set utf8 collate utf8_unicode_ci)' in C:\laravel_git\quickleave\vendor\laravel\framework\src\Illuminate\Database\Connection.php:614
Stack trace:
#0 C:\laravel_git\quickleave\vendor\laravel\framework\src\Illuminate\Database\Connection.php(570): Illuminate\Database\Connection->runQueryCallback('create table `m...', Array, Object(Closure))
#1 C:\laravel_git\quickleave\vendor\laravel\framework\src\Illuminate\Database\Connection.php(359): Illuminate\Database\Connection->run('create table `m...', Array, Object(Closure))
#2 C:\laravel_git\quickleave\vendor\laravel\framework\src\Illuminate\Database\Schema\Blueprint.php(63): Illuminate\Database\Connection->statement('create table `m...')
#3 C:\laravel_git\quickleave\vendor\laravel\framework\src\Illuminate\Database\Schema\Builder.php(169): Illuminate\Database\Schema\Blueprint->build(Object(Illuminate\Database\MySqlConnection), Object(Illuminate\Database\Schema\Grammars\MySqlGrammar))
#4 C:\laravel_git\quickleave\vendor\laravel\framework\src\Illuminate\Database\Schema\Builder.php(112): Illuminate\Database\Schema\Builder->build(Object(Illuminate\Database\Schema\Blueprint))
#5 C:\laravel_git\quickleave\vendor\laravel\framework\src\Illuminate\Database\Migrations\DatabaseMigrationRepository.php(125): Illuminate\Database\Schema\Builder->create('migrations', Object(Closure))
#6 C:\laravel_git\quickleave\vendor\laravel\framework\src\Illuminate\Database\Console\Migrations\InstallCommand.php(52): Illuminate\Database\Migrations\DatabaseMigrationRepository->createRepository()
#7 [internal function]: Illuminate\Database\Console\Migrations\InstallCommand->fire()
#8 C:\laravel_git\quickleave\storage\framework\compiled.php(923): call_user_func_array(Array, Array)
#9 C:\laravel_git\quickleave\vendor\laravel\framework\src\Illuminate\Console\Command.php(115): Illuminate\Container\Container->call(Array)
#10 C:\laravel_git\quickleave\vendor\symfony\console\Symfony\Component\Console\Command\Command.php(253): Illuminate\Console\Command->execute(Object(Symfony\Component\Console\Input\ArgvInput), Object(Symfony\Component\Console\Output\ConsoleOutput))
#11 C:\laravel_git\quickleave\vendor\laravel\framework\src\Illuminate\Console\Command.php(101): Symfony\Component\Console\Command\Command->run(Object(Symfony\Component\Console\Input\ArgvInput), Object(Symfony\Component\Console\Output\ConsoleOutput))
#12 C:\laravel_git\quickleave\vendor\symfony\console\Symfony\Component\Console\Application.php(874): Illuminate\Console\Command->run(Object(Symfony\Component\Console\Input\ArgvInput), Object(Symfony\Component\Console\Output\ConsoleOutput))
#13 C:\laravel_git\quickleave\vendor\symfony\console\Symfony\Component\Console\Application.php(195): Symfony\Component\Console\Application->doRunCommand(Object(Illuminate\Database\Console\Migrations\InstallCommand), Object(Symfony\Component\Console\Input\ArgvInput), Object(Symfony\Component\Console\Output\ConsoleOutput))
#14 C:\laravel_git\quickleave\vendor\symfony\console\Symfony\Component\Console\Application.php(126): Symfony\Component\Console\Application->doRun(Object(Symfony\Component\Console\Input\ArgvInput), Object(Symfony\Component\Console\Output\ConsoleOutput))
#15 C:\laravel_git\quickleave\vendor\laravel\framework\src\Illuminate\Foundation\Console\Kernel.php(90): Symfony\Component\Console\Application->run(Object(Symfony\Component\Console\Input\ArgvInput), Object(Symfony\Component\Console\Output\ConsoleOutput))
#16 C:\laravel_git\quickleave\artisan(36): Illuminate\Foundation\Console\Kernel->handle(Object(Symfony\Component\Console\Input\ArgvInput), Object(Symfony\Component\Console\Output\ConsoleOutput))
#17 {main}  
[2015-02-22 13:04:51] production.ERROR: exception 'PDOException' with message 'SQLSTATE[42S02]: Base table or view not found: 1146 Table 'quickleave_db.users' doesn't exist' in C:\laravel_git\quickleave\vendor\laravel\framework\src\Illuminate\Database\Connection.php:358
Stack trace:
#0 C:\laravel_git\quickleave\vendor\laravel\framework\src\Illuminate\Database\Connection.php(358): PDOStatement->execute(Array)
#1 C:\laravel_git\quickleave\vendor\laravel\framework\src\Illuminate\Database\Connection.php(606): Illuminate\Database\Connection->Illuminate\Database\{closure}(Object(Illuminate\Database\MySqlConnection), 'alter table `us...', Array)
#2 C:\laravel_git\quickleave\vendor\laravel\framework\src\Illuminate\Database\Connection.php(570): Illuminate\Database\Connection->runQueryCallback('alter table `us...', Array, Object(Closure))
#3 C:\laravel_git\quickleave\vendor\laravel\framework\src\Illuminate\Database\Connection.php(359): Illuminate\Database\Connection->run('alter table `us...', Array, Object(Closure))
#4 C:\laravel_git\quickleave\vendor\laravel\framework\src\Illuminate\Database\Schema\Blueprint.php(63): Illuminate\Database\Connection->statement('alter table `us...')
#5 C:\laravel_git\quickleave\vendor\laravel\framework\src\Illuminate\Database\Schema\Builder.php(169): Illuminate\Database\Schema\Blueprint->build(Object(Illuminate\Database\MySqlConnection), Object(Illuminate\Database\Schema\Grammars\MySqlGrammar))
#6 C:\laravel_git\quickleave\vendor\laravel\framework\src\Illuminate\Database\Schema\Builder.php(94): Illuminate\Database\Schema\Builder->build(Object(Illuminate\Database\Schema\Blueprint))
#7 C:\laravel_git\quickleave\storage\framework\compiled.php(5249): Illuminate\Database\Schema\Builder->table('users', Object(Closure))
#8 C:\laravel_git\quickleave\database\migrations\2015_02_20_135056_create_users_fk.php(21): Illuminate\Support\Facades\Facade::__callStatic('table', Array)
#9 C:\laravel_git\quickleave\database\migrations\2015_02_20_135056_create_users_fk.php(21): Illuminate\Support\Facades\Schema::table('users', Object(Closure))
#10 C:\laravel_git\quickleave\vendor\laravel\framework\src\Illuminate\Database\Migrations\Migrator.php(135): CreateUsersFk->up()
#11 C:\laravel_git\quickleave\vendor\laravel\framework\src\Illuminate\Database\Migrations\Migrator.php(111): Illuminate\Database\Migrations\Migrator->runUp('2015_02_20_1350...', 6, false)
#12 C:\laravel_git\quickleave\vendor\laravel\framework\src\Illuminate\Database\Migrations\Migrator.php(82): Illuminate\Database\Migrations\Migrator->runMigrationList(Array, false)
#13 C:\laravel_git\quickleave\vendor\laravel\framework\src\Illuminate\Database\Console\Migrations\MigrateCommand.php(73): Illuminate\Database\Migrations\Migrator->run('C:\\laravel_git\\...', false)
#14 [internal function]: Illuminate\Database\Console\Migrations\MigrateCommand->fire()
#15 C:\laravel_git\quickleave\storage\framework\compiled.php(923): call_user_func_array(Array, Array)
#16 C:\laravel_git\quickleave\vendor\laravel\framework\src\Illuminate\Console\Command.php(115): Illuminate\Container\Container->call(Array)
#17 C:\laravel_git\quickleave\vendor\symfony\console\Symfony\Component\Console\Command\Command.php(253): Illuminate\Console\Command->execute(Object(Symfony\Component\Console\Input\ArgvInput), Object(Symfony\Component\Console\Output\ConsoleOutput))
#18 C:\laravel_git\quickleave\vendor\laravel\framework\src\Illuminate\Console\Command.php(101): Symfony\Component\Console\Command\Command->run(Object(Symfony\Component\Console\Input\ArgvInput), Object(Symfony\Component\Console\Output\ConsoleOutput))
#19 C:\laravel_git\quickleave\vendor\symfony\console\Symfony\Component\Console\Application.php(874): Illuminate\Console\Command->run(Object(Symfony\Component\Console\Input\ArgvInput), Object(Symfony\Component\Console\Output\ConsoleOutput))
#20 C:\laravel_git\quickleave\vendor\symfony\console\Symfony\Component\Console\Application.php(195): Symfony\Component\Console\Application->doRunCommand(Object(Illuminate\Database\Console\Migrations\MigrateCommand), Object(Symfony\Component\Console\Input\ArgvInput), Object(Symfony\Component\Console\Output\ConsoleOutput))
#21 C:\laravel_git\quickleave\vendor\symfony\console\Symfony\Component\Console\Application.php(126): Symfony\Component\Console\Application->doRun(Object(Symfony\Component\Console\Input\ArgvInput), Object(Symfony\Component\Console\Output\ConsoleOutput))
#22 C:\laravel_git\quickleave\vendor\laravel\framework\src\Illuminate\Foundation\Console\Kernel.php(90): Symfony\Component\Console\Application->run(Object(Symfony\Component\Console\Input\ArgvInput), Object(Symfony\Component\Console\Output\ConsoleOutput))
#23 C:\laravel_git\quickleave\artisan(36): Illuminate\Foundation\Console\Kernel->handle(Object(Symfony\Component\Console\Input\ArgvInput), Object(Symfony\Component\Console\Output\ConsoleOutput))
#24 {main}

Next exception 'Illuminate\Database\QueryException' with message 'SQLSTATE[42S02]: Base table or view not found: 1146 Table 'quickleave_db.users' doesn't exist (SQL: alter table `users` add `teams_id` int unsigned not null)' in C:\laravel_git\quickleave\vendor\laravel\framework\src\Illuminate\Database\Connection.php:614
Stack trace:
#0 C:\laravel_git\quickleave\vendor\laravel\framework\src\Illuminate\Database\Connection.php(570): Illuminate\Database\Connection->runQueryCallback('alter table `us...', Array, Object(Closure))
#1 C:\laravel_git\quickleave\vendor\laravel\framework\src\Illuminate\Database\Connection.php(359): Illuminate\Database\Connection->run('alter table `us...', Array, Object(Closure))
#2 C:\laravel_git\quickleave\vendor\laravel\framework\src\Illuminate\Database\Schema\Blueprint.php(63): Illuminate\Database\Connection->statement('alter table `us...')
#3 C:\laravel_git\quickleave\vendor\laravel\framework\src\Illuminate\Database\Schema\Builder.php(169): Illuminate\Database\Schema\Blueprint->build(Object(Illuminate\Database\MySqlConnection), Object(Illuminate\Database\Schema\Grammars\MySqlGrammar))
#4 C:\laravel_git\quickleave\vendor\laravel\framework\src\Illuminate\Database\Schema\Builder.php(94): Illuminate\Database\Schema\Builder->build(Object(Illuminate\Database\Schema\Blueprint))
#5 C:\laravel_git\quickleave\storage\framework\compiled.php(5249): Illuminate\Database\Schema\Builder->table('users', Object(Closure))
#6 C:\laravel_git\quickleave\database\migrations\2015_02_20_135056_create_users_fk.php(21): Illuminate\Support\Facades\Facade::__callStatic('table', Array)
#7 C:\laravel_git\quickleave\database\migrations\2015_02_20_135056_create_users_fk.php(21): Illuminate\Support\Facades\Schema::table('users', Object(Closure))
#8 C:\laravel_git\quickleave\vendor\laravel\framework\src\Illuminate\Database\Migrations\Migrator.php(135): CreateUsersFk->up()
#9 C:\laravel_git\quickleave\vendor\laravel\framework\src\Illuminate\Database\Migrations\Migrator.php(111): Illuminate\Database\Migrations\Migrator->runUp('2015_02_20_1350...', 6, false)
#10 C:\laravel_git\quickleave\vendor\laravel\framework\src\Illuminate\Database\Migrations\Migrator.php(82): Illuminate\Database\Migrations\Migrator->runMigrationList(Array, false)
#11 C:\laravel_git\quickleave\vendor\laravel\framework\src\Illuminate\Database\Console\Migrations\MigrateCommand.php(73): Illuminate\Database\Migrations\Migrator->run('C:\\laravel_git\\...', false)
#12 [internal function]: Illuminate\Database\Console\Migrations\MigrateCommand->fire()
#13 C:\laravel_git\quickleave\storage\framework\compiled.php(923): call_user_func_array(Array, Array)
#14 C:\laravel_git\quickleave\vendor\laravel\framework\src\Illuminate\Console\Command.php(115): Illuminate\Container\Container->call(Array)
#15 C:\laravel_git\quickleave\vendor\symfony\console\Symfony\Component\Console\Command\Command.php(253): Illuminate\Console\Command->execute(Object(Symfony\Component\Console\Input\ArgvInput), Object(Symfony\Component\Console\Output\ConsoleOutput))
#16 C:\laravel_git\quickleave\vendor\laravel\framework\src\Illuminate\Console\Command.php(101): Symfony\Component\Console\Command\Command->run(Object(Symfony\Component\Console\Input\ArgvInput), Object(Symfony\Component\Console\Output\ConsoleOutput))
#17 C:\laravel_git\quickleave\vendor\symfony\console\Symfony\Component\Console\Application.php(874): Illuminate\Console\Command->run(Object(Symfony\Component\Console\Input\ArgvInput), Object(Symfony\Component\Console\Output\ConsoleOutput))
#18 C:\laravel_git\quickleave\vendor\symfony\console\Symfony\Component\Console\Application.php(195): Symfony\Component\Console\Application->doRunCommand(Object(Illuminate\Database\Console\Migrations\MigrateCommand), Object(Symfony\Component\Console\Input\ArgvInput), Object(Symfony\Component\Console\Output\ConsoleOutput))
#19 C:\laravel_git\quickleave\vendor\symfony\console\Symfony\Component\Console\Application.php(126): Symfony\Component\Console\Application->doRun(Object(Symfony\Component\Console\Input\ArgvInput), Object(Symfony\Component\Console\Output\ConsoleOutput))
#20 C:\laravel_git\quickleave\vendor\laravel\framework\src\Illuminate\Foundation\Console\Kernel.php(90): Symfony\Component\Console\Application->run(Object(Symfony\Component\Console\Input\ArgvInput), Object(Symfony\Component\Console\Output\ConsoleOutput))
#21 C:\laravel_git\quickleave\artisan(36): Illuminate\Foundation\Console\Kernel->handle(Object(Symfony\Component\Console\Input\ArgvInput), Object(Symfony\Component\Console\Output\ConsoleOutput))
#22 {main}  
[2015-02-22 13:37:00] production.ERROR: exception 'Symfony\Component\Debug\Exception\FatalErrorException' with message 'syntax error, unexpected ''placeholder'' (T_CONSTANT_ENCAPSED_STRING), expecting ')'' in C:\laravel_git\quickleave\storage\framework\views\b69a12c0b9ea0f201735fdd4cf0276ad:56
Stack trace:
#0 C:\laravel_git\quickleave\storage\framework\compiled.php(1736): Illuminate\Foundation\Bootstrap\HandleExceptions->fatalExceptionFromError(Array)
#1 [internal function]: Illuminate\Foundation\Bootstrap\HandleExceptions->handleShutdown()
#2 {main}  
