[2015-02-20 14:04:22] local.ERROR: exception 'Symfony\Component\Debug\Exception\FatalErrorException' with message 'syntax error, unexpected '{', expecting ')'' in C:\Users\Kervi\laravel_projects\quickleave5\database\migrations\2015_02_20_135056_create_users_fk.php:32
Stack trace:
#0 C:\Users\Kervi\laravel_projects\quickleave5\storage\framework\compiled.php(1721): Illuminate\Foundation\Bootstrap\HandleExceptions->fatalExceptionFromError(Array)
#1 [internal function]: Illuminate\Foundation\Bootstrap\HandleExceptions->handleShutdown()
#2 {main}  
[2015-02-20 14:04:54] local.ERROR: exception 'InvalidArgumentException' with message 'Command "dump-autoload" is not defined.' in C:\Users\Kervi\laravel_projects\quickleave5\vendor\symfony\console\Symfony\Component\Console\Application.php:549
Stack trace:
#0 C:\Users\Kervi\laravel_projects\quickleave5\vendor\symfony\console\Symfony\Component\Console\Application.php(192): Symfony\Component\Console\Application->find('dump-autoload')
#1 C:\Users\Kervi\laravel_projects\quickleave5\vendor\symfony\console\Symfony\Component\Console\Application.php(126): Symfony\Component\Console\Application->doRun(Object(Symfony\Component\Console\Input\ArgvInput), Object(Symfony\Component\Console\Output\ConsoleOutput))
#2 C:\Users\Kervi\laravel_projects\quickleave5\vendor\laravel\framework\src\Illuminate\Foundation\Console\Kernel.php(91): Symfony\Component\Console\Application->run(Object(Symfony\Component\Console\Input\ArgvInput), Object(Symfony\Component\Console\Output\ConsoleOutput))
#3 C:\Users\Kervi\laravel_projects\quickleave5\artisan(36): Illuminate\Foundation\Console\Kernel->handle(Object(Symfony\Component\Console\Input\ArgvInput), Object(Symfony\Component\Console\Output\ConsoleOutput))
#4 {main}  
[2015-02-20 14:05:15] local.ERROR: exception 'Symfony\Component\Debug\Exception\FatalErrorException' with message 'syntax error, unexpected '{', expecting ')'' in C:\Users\Kervi\laravel_projects\quickleave5\database\migrations\2015_02_20_135056_create_users_fk.php:32
Stack trace:
#0 C:\Users\Kervi\laravel_projects\quickleave5\storage\framework\compiled.php(1721): Illuminate\Foundation\Bootstrap\HandleExceptions->fatalExceptionFromError(Array)
#1 [internal function]: Illuminate\Foundation\Bootstrap\HandleExceptions->handleShutdown()
#2 {main}  
[2015-02-20 14:05:46] local.ERROR: exception 'InvalidArgumentException' with message 'Command "dump-autoload" is not defined.' in C:\Users\Kervi\laravel_projects\quickleave5\vendor\symfony\console\Symfony\Component\Console\Application.php:549
Stack trace:
#0 C:\Users\Kervi\laravel_projects\quickleave5\vendor\symfony\console\Symfony\Component\Console\Application.php(192): Symfony\Component\Console\Application->find('dump-autoload')
#1 C:\Users\Kervi\laravel_projects\quickleave5\vendor\symfony\console\Symfony\Component\Console\Application.php(126): Symfony\Component\Console\Application->doRun(Object(Symfony\Component\Console\Input\ArgvInput), Object(Symfony\Component\Console\Output\ConsoleOutput))
#2 C:\Users\Kervi\laravel_projects\quickleave5\vendor\laravel\framework\src\Illuminate\Foundation\Console\Kernel.php(91): Symfony\Component\Console\Application->run(Object(Symfony\Component\Console\Input\ArgvInput), Object(Symfony\Component\Console\Output\ConsoleOutput))
#3 C:\Users\Kervi\laravel_projects\quickleave5\artisan(36): Illuminate\Foundation\Console\Kernel->handle(Object(Symfony\Component\Console\Input\ArgvInput), Object(Symfony\Component\Console\Output\ConsoleOutput))
#4 {main}  
[2015-02-20 14:05:54] local.ERROR: exception 'Symfony\Component\Debug\Exception\FatalErrorException' with message 'syntax error, unexpected '{', expecting ')'' in C:\Users\Kervi\laravel_projects\quickleave5\database\migrations\2015_02_20_135056_create_users_fk.php:32
Stack trace:
#0 C:\Users\Kervi\laravel_projects\quickleave5\storage\framework\compiled.php(1721): Illuminate\Foundation\Bootstrap\HandleExceptions->fatalExceptionFromError(Array)
#1 [internal function]: Illuminate\Foundation\Bootstrap\HandleExceptions->handleShutdown()
#2 {main}  
[2015-02-20 14:14:58] local.ERROR: exception 'PDOException' with message 'SQLSTATE[HY000] [1049] Unknown database 'user_db'' in C:\Users\Kervi\laravel_projects\quickleave5\vendor\laravel\framework\src\Illuminate\Database\Connectors\Connector.php:47
Stack trace:
#0 C:\Users\Kervi\laravel_projects\quickleave5\vendor\laravel\framework\src\Illuminate\Database\Connectors\Connector.php(47): PDO->__construct('mysql:host=loca...', 'root', '', Array)
#1 C:\Users\Kervi\laravel_projects\quickleave5\vendor\laravel\framework\src\Illuminate\Database\Connectors\MySqlConnector.php(20): Illuminate\Database\Connectors\Connector->createConnection('mysql:host=loca...', Array, Array)
#2 C:\Users\Kervi\laravel_projects\quickleave5\storage\framework\compiled.php(10598): Illuminate\Database\Connectors\MySqlConnector->connect(Array)
#3 C:\Users\Kervi\laravel_projects\quickleave5\storage\framework\compiled.php(10594): Illuminate\Database\Connectors\ConnectionFactory->createSingleConnection(Array)
#4 C:\Users\Kervi\laravel_projects\quickleave5\storage\framework\compiled.php(10512): Illuminate\Database\Connectors\ConnectionFactory->make(Array, 'mysql')
#5 C:\Users\Kervi\laravel_projects\quickleave5\storage\framework\compiled.php(10467): Illuminate\Database\DatabaseManager->makeConnection('mysql')
#6 C:\Users\Kervi\laravel_projects\quickleave5\vendor\laravel\framework\src\Illuminate\Database\Migrations\DatabaseMigrationRepository.php(167): Illuminate\Database\DatabaseManager->connection(NULL)
#7 C:\Users\Kervi\laravel_projects\quickleave5\vendor\laravel\framework\src\Illuminate\Database\Migrations\DatabaseMigrationRepository.php(147): Illuminate\Database\Migrations\DatabaseMigrationRepository->getConnection()
#8 C:\Users\Kervi\laravel_projects\quickleave5\vendor\laravel\framework\src\Illuminate\Database\Migrations\DatabaseMigrationRepository.php(58): Illuminate\Database\Migrations\DatabaseMigrationRepository->table()
#9 C:\Users\Kervi\laravel_projects\quickleave5\vendor\laravel\framework\src\Illuminate\Database\Migrations\Migrator.php(158): Illuminate\Database\Migrations\DatabaseMigrationRepository->getLast()
#10 C:\Users\Kervi\laravel_projects\quickleave5\vendor\laravel\framework\src\Illuminate\Database\Console\Migrations\RollbackCommand.php(59): Illuminate\Database\Migrations\Migrator->rollback(false)
#11 [internal function]: Illuminate\Database\Console\Migrations\RollbackCommand->fire()
#12 C:\Users\Kervi\laravel_projects\quickleave5\storage\framework\compiled.php(922): call_user_func_array(Array, Array)
#13 C:\Users\Kervi\laravel_projects\quickleave5\vendor\laravel\framework\src\Illuminate\Console\Command.php(115): Illuminate\Container\Container->call(Array)
#14 C:\Users\Kervi\laravel_projects\quickleave5\vendor\symfony\console\Symfony\Component\Console\Command\Command.php(253): Illuminate\Console\Command->execute(Object(Symfony\Component\Console\Input\ArgvInput), Object(Symfony\Component\Console\Output\ConsoleOutput))
#15 C:\Users\Kervi\laravel_projects\quickleave5\vendor\laravel\framework\src\Illuminate\Console\Command.php(101): Symfony\Component\Console\Command\Command->run(Object(Symfony\Component\Console\Input\ArgvInput), Object(Symfony\Component\Console\Output\ConsoleOutput))
#16 C:\Users\Kervi\laravel_projects\quickleave5\vendor\symfony\console\Symfony\Component\Console\Application.php(874): Illuminate\Console\Command->run(Object(Symfony\Component\Console\Input\ArgvInput), Object(Symfony\Component\Console\Output\ConsoleOutput))
#17 C:\Users\Kervi\laravel_projects\quickleave5\vendor\symfony\console\Symfony\Component\Console\Application.php(195): Symfony\Component\Console\Application->doRunCommand(Object(Illuminate\Database\Console\Migrations\RollbackCommand), Object(Symfony\Component\Console\Input\ArgvInput), Object(Symfony\Component\Console\Output\ConsoleOutput))
#18 C:\Users\Kervi\laravel_projects\quickleave5\vendor\symfony\console\Symfony\Component\Console\Application.php(126): Symfony\Component\Console\Application->doRun(Object(Symfony\Component\Console\Input\ArgvInput), Object(Symfony\Component\Console\Output\ConsoleOutput))
#19 C:\Users\Kervi\laravel_projects\quickleave5\vendor\laravel\framework\src\Illuminate\Foundation\Console\Kernel.php(91): Symfony\Component\Console\Application->run(Object(Symfony\Component\Console\Input\ArgvInput), Object(Symfony\Component\Console\Output\ConsoleOutput))
#20 C:\Users\Kervi\laravel_projects\quickleave5\artisan(36): Illuminate\Foundation\Console\Kernel->handle(Object(Symfony\Component\Console\Input\ArgvInput), Object(Symfony\Component\Console\Output\ConsoleOutput))
#21 {main}  
[2015-02-20 14:16:02] local.ERROR: exception 'PDOException' with message 'SQLSTATE[HY000] [1049] Unknown database 'user_db'' in C:\Users\Kervi\laravel_projects\quickleave5\vendor\laravel\framework\src\Illuminate\Database\Connectors\Connector.php:47
Stack trace:
#0 C:\Users\Kervi\laravel_projects\quickleave5\vendor\laravel\framework\src\Illuminate\Database\Connectors\Connector.php(47): PDO->__construct('mysql:host=loca...', 'root', '', Array)
#1 C:\Users\Kervi\laravel_projects\quickleave5\vendor\laravel\framework\src\Illuminate\Database\Connectors\MySqlConnector.php(20): Illuminate\Database\Connectors\Connector->createConnection('mysql:host=loca...', Array, Array)
#2 C:\Users\Kervi\laravel_projects\quickleave5\storage\framework\compiled.php(10598): Illuminate\Database\Connectors\MySqlConnector->connect(Array)
#3 C:\Users\Kervi\laravel_projects\quickleave5\storage\framework\compiled.php(10594): Illuminate\Database\Connectors\ConnectionFactory->createSingleConnection(Array)
#4 C:\Users\Kervi\laravel_projects\quickleave5\storage\framework\compiled.php(10512): Illuminate\Database\Connectors\ConnectionFactory->make(Array, 'mysql')
#5 C:\Users\Kervi\laravel_projects\quickleave5\storage\framework\compiled.php(10467): Illuminate\Database\DatabaseManager->makeConnection('mysql')
#6 C:\Users\Kervi\laravel_projects\quickleave5\vendor\laravel\framework\src\Illuminate\Database\Migrations\DatabaseMigrationRepository.php(167): Illuminate\Database\DatabaseManager->connection(NULL)
#7 C:\Users\Kervi\laravel_projects\quickleave5\vendor\laravel\framework\src\Illuminate\Database\Migrations\DatabaseMigrationRepository.php(147): Illuminate\Database\Migrations\DatabaseMigrationRepository->getConnection()
#8 C:\Users\Kervi\laravel_projects\quickleave5\vendor\laravel\framework\src\Illuminate\Database\Migrations\DatabaseMigrationRepository.php(58): Illuminate\Database\Migrations\DatabaseMigrationRepository->table()
#9 C:\Users\Kervi\laravel_projects\quickleave5\vendor\laravel\framework\src\Illuminate\Database\Migrations\Migrator.php(158): Illuminate\Database\Migrations\DatabaseMigrationRepository->getLast()
#10 C:\Users\Kervi\laravel_projects\quickleave5\vendor\laravel\framework\src\Illuminate\Database\Console\Migrations\RollbackCommand.php(59): Illuminate\Database\Migrations\Migrator->rollback(false)
#11 [internal function]: Illuminate\Database\Console\Migrations\RollbackCommand->fire()
#12 C:\Users\Kervi\laravel_projects\quickleave5\storage\framework\compiled.php(922): call_user_func_array(Array, Array)
#13 C:\Users\Kervi\laravel_projects\quickleave5\vendor\laravel\framework\src\Illuminate\Console\Command.php(115): Illuminate\Container\Container->call(Array)
#14 C:\Users\Kervi\laravel_projects\quickleave5\vendor\symfony\console\Symfony\Component\Console\Command\Command.php(253): Illuminate\Console\Command->execute(Object(Symfony\Component\Console\Input\ArgvInput), Object(Symfony\Component\Console\Output\ConsoleOutput))
#15 C:\Users\Kervi\laravel_projects\quickleave5\vendor\laravel\framework\src\Illuminate\Console\Command.php(101): Symfony\Component\Console\Command\Command->run(Object(Symfony\Component\Console\Input\ArgvInput), Object(Symfony\Component\Console\Output\ConsoleOutput))
#16 C:\Users\Kervi\laravel_projects\quickleave5\vendor\symfony\console\Symfony\Component\Console\Application.php(874): Illuminate\Console\Command->run(Object(Symfony\Component\Console\Input\ArgvInput), Object(Symfony\Component\Console\Output\ConsoleOutput))
#17 C:\Users\Kervi\laravel_projects\quickleave5\vendor\symfony\console\Symfony\Component\Console\Application.php(195): Symfony\Component\Console\Application->doRunCommand(Object(Illuminate\Database\Console\Migrations\RollbackCommand), Object(Symfony\Component\Console\Input\ArgvInput), Object(Symfony\Component\Console\Output\ConsoleOutput))
#18 C:\Users\Kervi\laravel_projects\quickleave5\vendor\symfony\console\Symfony\Component\Console\Application.php(126): Symfony\Component\Console\Application->doRun(Object(Symfony\Component\Console\Input\ArgvInput), Object(Symfony\Component\Console\Output\ConsoleOutput))
#19 C:\Users\Kervi\laravel_projects\quickleave5\vendor\laravel\framework\src\Illuminate\Foundation\Console\Kernel.php(91): Symfony\Component\Console\Application->run(Object(Symfony\Component\Console\Input\ArgvInput), Object(Symfony\Component\Console\Output\ConsoleOutput))
#20 C:\Users\Kervi\laravel_projects\quickleave5\artisan(36): Illuminate\Foundation\Console\Kernel->handle(Object(Symfony\Component\Console\Input\ArgvInput), Object(Symfony\Component\Console\Output\ConsoleOutput))
#21 {main}  
[2015-02-20 14:17:21] local.ERROR: exception 'PDOException' with message 'SQLSTATE[HY000] [1049] Unknown database 'user_db'' in C:\Users\Kervi\laravel_projects\quickleave5\vendor\laravel\framework\src\Illuminate\Database\Connectors\Connector.php:47
Stack trace:
#0 C:\Users\Kervi\laravel_projects\quickleave5\vendor\laravel\framework\src\Illuminate\Database\Connectors\Connector.php(47): PDO->__construct('mysql:host=loca...', 'root', '', Array)
#1 C:\Users\Kervi\laravel_projects\quickleave5\vendor\laravel\framework\src\Illuminate\Database\Connectors\MySqlConnector.php(20): Illuminate\Database\Connectors\Connector->createConnection('mysql:host=loca...', Array, Array)
#2 C:\Users\Kervi\laravel_projects\quickleave5\storage\framework\compiled.php(10598): Illuminate\Database\Connectors\MySqlConnector->connect(Array)
#3 C:\Users\Kervi\laravel_projects\quickleave5\storage\framework\compiled.php(10594): Illuminate\Database\Connectors\ConnectionFactory->createSingleConnection(Array)
#4 C:\Users\Kervi\laravel_projects\quickleave5\storage\framework\compiled.php(10512): Illuminate\Database\Connectors\ConnectionFactory->make(Array, 'mysql')
#5 C:\Users\Kervi\laravel_projects\quickleave5\storage\framework\compiled.php(10467): Illuminate\Database\DatabaseManager->makeConnection('mysql')
#6 C:\Users\Kervi\laravel_projects\quickleave5\vendor\laravel\framework\src\Illuminate\Database\Migrations\DatabaseMigrationRepository.php(167): Illuminate\Database\DatabaseManager->connection(NULL)
#7 C:\Users\Kervi\laravel_projects\quickleave5\vendor\laravel\framework\src\Illuminate\Database\Migrations\DatabaseMigrationRepository.php(147): Illuminate\Database\Migrations\DatabaseMigrationRepository->getConnection()
#8 C:\Users\Kervi\laravel_projects\quickleave5\vendor\laravel\framework\src\Illuminate\Database\Migrations\DatabaseMigrationRepository.php(58): Illuminate\Database\Migrations\DatabaseMigrationRepository->table()
#9 C:\Users\Kervi\laravel_projects\quickleave5\vendor\laravel\framework\src\Illuminate\Database\Migrations\Migrator.php(158): Illuminate\Database\Migrations\DatabaseMigrationRepository->getLast()
#10 C:\Users\Kervi\laravel_projects\quickleave5\vendor\laravel\framework\src\Illuminate\Database\Console\Migrations\RollbackCommand.php(59): Illuminate\Database\Migrations\Migrator->rollback(false)
#11 [internal function]: Illuminate\Database\Console\Migrations\RollbackCommand->fire()
#12 C:\Users\Kervi\laravel_projects\quickleave5\storage\framework\compiled.php(922): call_user_func_array(Array, Array)
#13 C:\Users\Kervi\laravel_projects\quickleave5\vendor\laravel\framework\src\Illuminate\Console\Command.php(115): Illuminate\Container\Container->call(Array)
#14 C:\Users\Kervi\laravel_projects\quickleave5\vendor\symfony\console\Symfony\Component\Console\Command\Command.php(253): Illuminate\Console\Command->execute(Object(Symfony\Component\Console\Input\ArgvInput), Object(Symfony\Component\Console\Output\ConsoleOutput))
#15 C:\Users\Kervi\laravel_projects\quickleave5\vendor\laravel\framework\src\Illuminate\Console\Command.php(101): Symfony\Component\Console\Command\Command->run(Object(Symfony\Component\Console\Input\ArgvInput), Object(Symfony\Component\Console\Output\ConsoleOutput))
#16 C:\Users\Kervi\laravel_projects\quickleave5\vendor\symfony\console\Symfony\Component\Console\Application.php(874): Illuminate\Console\Command->run(Object(Symfony\Component\Console\Input\ArgvInput), Object(Symfony\Component\Console\Output\ConsoleOutput))
#17 C:\Users\Kervi\laravel_projects\quickleave5\vendor\symfony\console\Symfony\Component\Console\Application.php(195): Symfony\Component\Console\Application->doRunCommand(Object(Illuminate\Database\Console\Migrations\RollbackCommand), Object(Symfony\Component\Console\Input\ArgvInput), Object(Symfony\Component\Console\Output\ConsoleOutput))
#18 C:\Users\Kervi\laravel_projects\quickleave5\vendor\symfony\console\Symfony\Component\Console\Application.php(126): Symfony\Component\Console\Application->doRun(Object(Symfony\Component\Console\Input\ArgvInput), Object(Symfony\Component\Console\Output\ConsoleOutput))
#19 C:\Users\Kervi\laravel_projects\quickleave5\vendor\laravel\framework\src\Illuminate\Foundation\Console\Kernel.php(91): Symfony\Component\Console\Application->run(Object(Symfony\Component\Console\Input\ArgvInput), Object(Symfony\Component\Console\Output\ConsoleOutput))
#20 C:\Users\Kervi\laravel_projects\quickleave5\artisan(36): Illuminate\Foundation\Console\Kernel->handle(Object(Symfony\Component\Console\Input\ArgvInput), Object(Symfony\Component\Console\Output\ConsoleOutput))
#21 {main}  
[2015-02-20 14:17:32] local.ERROR: exception 'InvalidArgumentException' with message 'Command "dump-autoload" is not defined.' in C:\Users\Kervi\laravel_projects\quickleave5\vendor\symfony\console\Symfony\Component\Console\Application.php:549
Stack trace:
#0 C:\Users\Kervi\laravel_projects\quickleave5\vendor\symfony\console\Symfony\Component\Console\Application.php(192): Symfony\Component\Console\Application->find('dump-autoload')
#1 C:\Users\Kervi\laravel_projects\quickleave5\vendor\symfony\console\Symfony\Component\Console\Application.php(126): Symfony\Component\Console\Application->doRun(Object(Symfony\Component\Console\Input\ArgvInput), Object(Symfony\Component\Console\Output\ConsoleOutput))
#2 C:\Users\Kervi\laravel_projects\quickleave5\vendor\laravel\framework\src\Illuminate\Foundation\Console\Kernel.php(91): Symfony\Component\Console\Application->run(Object(Symfony\Component\Console\Input\ArgvInput), Object(Symfony\Component\Console\Output\ConsoleOutput))
#3 C:\Users\Kervi\laravel_projects\quickleave5\artisan(36): Illuminate\Foundation\Console\Kernel->handle(Object(Symfony\Component\Console\Input\ArgvInput), Object(Symfony\Component\Console\Output\ConsoleOutput))
#4 {main}  
[2015-02-20 14:18:06] local.ERROR: exception 'PDOException' with message 'SQLSTATE[HY000] [1049] Unknown database 'user_db'' in C:\Users\Kervi\laravel_projects\quickleave5\vendor\laravel\framework\src\Illuminate\Database\Connectors\Connector.php:47
Stack trace:
#0 C:\Users\Kervi\laravel_projects\quickleave5\vendor\laravel\framework\src\Illuminate\Database\Connectors\Connector.php(47): PDO->__construct('mysql:host=loca...', 'root', '', Array)
#1 C:\Users\Kervi\laravel_projects\quickleave5\vendor\laravel\framework\src\Illuminate\Database\Connectors\MySqlConnector.php(20): Illuminate\Database\Connectors\Connector->createConnection('mysql:host=loca...', Array, Array)
#2 C:\Users\Kervi\laravel_projects\quickleave5\storage\framework\compiled.php(10598): Illuminate\Database\Connectors\MySqlConnector->connect(Array)
#3 C:\Users\Kervi\laravel_projects\quickleave5\storage\framework\compiled.php(10594): Illuminate\Database\Connectors\ConnectionFactory->createSingleConnection(Array)
#4 C:\Users\Kervi\laravel_projects\quickleave5\storage\framework\compiled.php(10512): Illuminate\Database\Connectors\ConnectionFactory->make(Array, 'mysql')
#5 C:\Users\Kervi\laravel_projects\quickleave5\storage\framework\compiled.php(10467): Illuminate\Database\DatabaseManager->makeConnection('mysql')
#6 C:\Users\Kervi\laravel_projects\quickleave5\vendor\laravel\framework\src\Illuminate\Database\Migrations\DatabaseMigrationRepository.php(167): Illuminate\Database\DatabaseManager->connection(NULL)
#7 C:\Users\Kervi\laravel_projects\quickleave5\vendor\laravel\framework\src\Illuminate\Database\Migrations\DatabaseMigrationRepository.php(147): Illuminate\Database\Migrations\DatabaseMigrationRepository->getConnection()
#8 C:\Users\Kervi\laravel_projects\quickleave5\vendor\laravel\framework\src\Illuminate\Database\Migrations\DatabaseMigrationRepository.php(58): Illuminate\Database\Migrations\DatabaseMigrationRepository->table()
#9 C:\Users\Kervi\laravel_projects\quickleave5\vendor\laravel\framework\src\Illuminate\Database\Migrations\Migrator.php(158): Illuminate\Database\Migrations\DatabaseMigrationRepository->getLast()
#10 C:\Users\Kervi\laravel_projects\quickleave5\vendor\laravel\framework\src\Illuminate\Database\Console\Migrations\RollbackCommand.php(59): Illuminate\Database\Migrations\Migrator->rollback(false)
#11 [internal function]: Illuminate\Database\Console\Migrations\RollbackCommand->fire()
#12 C:\Users\Kervi\laravel_projects\quickleave5\storage\framework\compiled.php(922): call_user_func_array(Array, Array)
#13 C:\Users\Kervi\laravel_projects\quickleave5\vendor\laravel\framework\src\Illuminate\Console\Command.php(115): Illuminate\Container\Container->call(Array)
#14 C:\Users\Kervi\laravel_projects\quickleave5\vendor\symfony\console\Symfony\Component\Console\Command\Command.php(253): Illuminate\Console\Command->execute(Object(Symfony\Component\Console\Input\ArgvInput), Object(Symfony\Component\Console\Output\ConsoleOutput))
#15 C:\Users\Kervi\laravel_projects\quickleave5\vendor\laravel\framework\src\Illuminate\Console\Command.php(101): Symfony\Component\Console\Command\Command->run(Object(Symfony\Component\Console\Input\ArgvInput), Object(Symfony\Component\Console\Output\ConsoleOutput))
#16 C:\Users\Kervi\laravel_projects\quickleave5\vendor\symfony\console\Symfony\Component\Console\Application.php(874): Illuminate\Console\Command->run(Object(Symfony\Component\Console\Input\ArgvInput), Object(Symfony\Component\Console\Output\ConsoleOutput))
#17 C:\Users\Kervi\laravel_projects\quickleave5\vendor\symfony\console\Symfony\Component\Console\Application.php(195): Symfony\Component\Console\Application->doRunCommand(Object(Illuminate\Database\Console\Migrations\RollbackCommand), Object(Symfony\Component\Console\Input\ArgvInput), Object(Symfony\Component\Console\Output\ConsoleOutput))
#18 C:\Users\Kervi\laravel_projects\quickleave5\vendor\symfony\console\Symfony\Component\Console\Application.php(126): Symfony\Component\Console\Application->doRun(Object(Symfony\Component\Console\Input\ArgvInput), Object(Symfony\Component\Console\Output\ConsoleOutput))
#19 C:\Users\Kervi\laravel_projects\quickleave5\vendor\laravel\framework\src\Illuminate\Foundation\Console\Kernel.php(91): Symfony\Component\Console\Application->run(Object(Symfony\Component\Console\Input\ArgvInput), Object(Symfony\Component\Console\Output\ConsoleOutput))
#20 C:\Users\Kervi\laravel_projects\quickleave5\artisan(36): Illuminate\Foundation\Console\Kernel->handle(Object(Symfony\Component\Console\Input\ArgvInput), Object(Symfony\Component\Console\Output\ConsoleOutput))
#21 {main}  
[2015-02-20 14:22:11] local.ERROR: exception 'PDOException' with message 'SQLSTATE[HY000] [1049] Unknown database 'user_db'' in C:\Users\Kervi\laravel_projects\quickleave5\vendor\laravel\framework\src\Illuminate\Database\Connectors\Connector.php:47
Stack trace:
#0 C:\Users\Kervi\laravel_projects\quickleave5\vendor\laravel\framework\src\Illuminate\Database\Connectors\Connector.php(47): PDO->__construct('mysql:host=loca...', 'root', '', Array)
#1 C:\Users\Kervi\laravel_projects\quickleave5\vendor\laravel\framework\src\Illuminate\Database\Connectors\MySqlConnector.php(20): Illuminate\Database\Connectors\Connector->createConnection('mysql:host=loca...', Array, Array)
#2 C:\Users\Kervi\laravel_projects\quickleave5\storage\framework\compiled.php(10598): Illuminate\Database\Connectors\MySqlConnector->connect(Array)
#3 C:\Users\Kervi\laravel_projects\quickleave5\storage\framework\compiled.php(10594): Illuminate\Database\Connectors\ConnectionFactory->createSingleConnection(Array)
#4 C:\Users\Kervi\laravel_projects\quickleave5\storage\framework\compiled.php(10512): Illuminate\Database\Connectors\ConnectionFactory->make(Array, 'mysql')
#5 C:\Users\Kervi\laravel_projects\quickleave5\storage\framework\compiled.php(10467): Illuminate\Database\DatabaseManager->makeConnection('mysql')
#6 C:\Users\Kervi\laravel_projects\quickleave5\vendor\laravel\framework\src\Illuminate\Database\Migrations\DatabaseMigrationRepository.php(167): Illuminate\Database\DatabaseManager->connection(NULL)
#7 C:\Users\Kervi\laravel_projects\quickleave5\vendor\laravel\framework\src\Illuminate\Database\Migrations\DatabaseMigrationRepository.php(147): Illuminate\Database\Migrations\DatabaseMigrationRepository->getConnection()
#8 C:\Users\Kervi\laravel_projects\quickleave5\vendor\laravel\framework\src\Illuminate\Database\Migrations\DatabaseMigrationRepository.php(58): Illuminate\Database\Migrations\DatabaseMigrationRepository->table()
#9 C:\Users\Kervi\laravel_projects\quickleave5\vendor\laravel\framework\src\Illuminate\Database\Migrations\Migrator.php(158): Illuminate\Database\Migrations\DatabaseMigrationRepository->getLast()
#10 C:\Users\Kervi\laravel_projects\quickleave5\vendor\laravel\framework\src\Illuminate\Database\Console\Migrations\RollbackCommand.php(59): Illuminate\Database\Migrations\Migrator->rollback(false)
#11 [internal function]: Illuminate\Database\Console\Migrations\RollbackCommand->fire()
#12 C:\Users\Kervi\laravel_projects\quickleave5\storage\framework\compiled.php(922): call_user_func_array(Array, Array)
#13 C:\Users\Kervi\laravel_projects\quickleave5\vendor\laravel\framework\src\Illuminate\Console\Command.php(115): Illuminate\Container\Container->call(Array)
#14 C:\Users\Kervi\laravel_projects\quickleave5\vendor\symfony\console\Symfony\Component\Console\Command\Command.php(253): Illuminate\Console\Command->execute(Object(Symfony\Component\Console\Input\ArgvInput), Object(Symfony\Component\Console\Output\ConsoleOutput))
#15 C:\Users\Kervi\laravel_projects\quickleave5\vendor\laravel\framework\src\Illuminate\Console\Command.php(101): Symfony\Component\Console\Command\Command->run(Object(Symfony\Component\Console\Input\ArgvInput), Object(Symfony\Component\Console\Output\ConsoleOutput))
#16 C:\Users\Kervi\laravel_projects\quickleave5\vendor\symfony\console\Symfony\Component\Console\Application.php(874): Illuminate\Console\Command->run(Object(Symfony\Component\Console\Input\ArgvInput), Object(Symfony\Component\Console\Output\ConsoleOutput))
#17 C:\Users\Kervi\laravel_projects\quickleave5\vendor\symfony\console\Symfony\Component\Console\Application.php(195): Symfony\Component\Console\Application->doRunCommand(Object(Illuminate\Database\Console\Migrations\RollbackCommand), Object(Symfony\Component\Console\Input\ArgvInput), Object(Symfony\Component\Console\Output\ConsoleOutput))
#18 C:\Users\Kervi\laravel_projects\quickleave5\vendor\symfony\console\Symfony\Component\Console\Application.php(126): Symfony\Component\Console\Application->doRun(Object(Symfony\Component\Console\Input\ArgvInput), Object(Symfony\Component\Console\Output\ConsoleOutput))
#19 C:\Users\Kervi\laravel_projects\quickleave5\vendor\laravel\framework\src\Illuminate\Foundation\Console\Kernel.php(91): Symfony\Component\Console\Application->run(Object(Symfony\Component\Console\Input\ArgvInput), Object(Symfony\Component\Console\Output\ConsoleOutput))
#20 C:\Users\Kervi\laravel_projects\quickleave5\artisan(36): Illuminate\Foundation\Console\Kernel->handle(Object(Symfony\Component\Console\Input\ArgvInput), Object(Symfony\Component\Console\Output\ConsoleOutput))
#21 {main}  
[2015-02-20 14:39:31] local.ERROR: exception 'PDOException' with message 'SQLSTATE[42S22]: Column not found: 1054 Unknown column 'name' in 'field list'' in C:\Users\Kervi\laravel_projects\quickleave5\vendor\laravel\framework\src\Illuminate\Database\Connection.php:358
Stack trace:
#0 C:\Users\Kervi\laravel_projects\quickleave5\vendor\laravel\framework\src\Illuminate\Database\Connection.php(358): PDO->prepare('insert into `us...')
#1 C:\Users\Kervi\laravel_projects\quickleave5\vendor\laravel\framework\src\Illuminate\Database\Connection.php(606): Illuminate\Database\Connection->Illuminate\Database\{closure}(Object(Illuminate\Database\MySqlConnection), 'insert into `us...', Array)
#2 C:\Users\Kervi\laravel_projects\quickleave5\vendor\laravel\framework\src\Illuminate\Database\Connection.php(570): Illuminate\Database\Connection->runQueryCallback('insert into `us...', Array, Object(Closure))
#3 C:\Users\Kervi\laravel_projects\quickleave5\vendor\laravel\framework\src\Illuminate\Database\Connection.php(359): Illuminate\Database\Connection->run('insert into `us...', Array, Object(Closure))
#4 C:\Users\Kervi\laravel_projects\quickleave5\vendor\laravel\framework\src\Illuminate\Database\Connection.php(316): Illuminate\Database\Connection->statement('insert into `us...', Array)
#5 C:\Users\Kervi\laravel_projects\quickleave5\vendor\laravel\framework\src\Illuminate\Database\Query\Processors\Processor.php(30): Illuminate\Database\Connection->insert('insert into `us...', Array)
#6 C:\Users\Kervi\laravel_projects\quickleave5\vendor\laravel\framework\src\Illuminate\Database\Query\Builder.php(1717): Illuminate\Database\Query\Processors\Processor->processInsertGetId(Object(Illuminate\Database\Query\Builder), 'insert into `us...', Array, 'id')
#7 [internal function]: Illuminate\Database\Query\Builder->insertGetId(Array, 'id')
#8 C:\Users\Kervi\laravel_projects\quickleave5\vendor\laravel\framework\src\Illuminate\Database\Eloquent\Builder.php(948): call_user_func_array(Array, Array)
#9 C:\Users\Kervi\laravel_projects\quickleave5\storage\framework\compiled.php(9735): Illuminate\Database\Eloquent\Builder->__call('insertGetId', Array)
#10 C:\Users\Kervi\laravel_projects\quickleave5\storage\framework\compiled.php(9735): Illuminate\Database\Eloquent\Builder->insertGetId(Array, 'id')
#11 C:\Users\Kervi\laravel_projects\quickleave5\storage\framework\compiled.php(9725): Illuminate\Database\Eloquent\Model->insertAndSetId(Object(Illuminate\Database\Eloquent\Builder), Array)
#12 C:\Users\Kervi\laravel_projects\quickleave5\storage\framework\compiled.php(9682): Illuminate\Database\Eloquent\Model->performInsert(Object(Illuminate\Database\Eloquent\Builder), Array)
#13 C:\Users\Kervi\laravel_projects\quickleave5\storage\framework\compiled.php(9322): Illuminate\Database\Eloquent\Model->save()
#14 C:\Users\Kervi\laravel_projects\quickleave5\app\Services\Registrar.php(36): Illuminate\Database\Eloquent\Model::create(Array)
#15 C:\Users\Kervi\laravel_projects\quickleave5\storage\framework\compiled.php(1925): App\Services\Registrar->create(Array)
#16 [internal function]: App\Http\Controllers\Auth\AuthController->postRegister(Object(Illuminate\Http\Request))
#17 C:\Users\Kervi\laravel_projects\quickleave5\storage\framework\compiled.php(8212): call_user_func_array(Array, Array)
#18 C:\Users\Kervi\laravel_projects\quickleave5\storage\framework\compiled.php(8279): Illuminate\Routing\Controller->callAction('postRegister', Array)
#19 C:\Users\Kervi\laravel_projects\quickleave5\storage\framework\compiled.php(8258): Illuminate\Routing\ControllerDispatcher->call(Object(App\Http\Controllers\Auth\AuthController), Object(Illuminate\Routing\Route), 'postRegister')
#20 [internal function]: Illuminate\Routing\ControllerDispatcher->Illuminate\Routing\{closure}(Object(Illuminate\Http\Request))
#21 C:\Users\Kervi\laravel_projects\quickleave5\storage\framework\compiled.php(8874): call_user_func(Object(Closure), Object(Illuminate\Http\Request))
#22 C:\Users\Kervi\laravel_projects\quickleave5\app\Http\Middleware\RedirectIfAuthenticated.php(41): Illuminate\Pipeline\Pipeline->Illuminate\Pipeline\{closure}(Object(Illuminate\Http\Request))
#23 C:\Users\Kervi\laravel_projects\quickleave5\storage\framework\compiled.php(8866): App\Http\Middleware\RedirectIfAuthenticated->handle(Object(Illuminate\Http\Request), Object(Closure))
#24 [internal function]: Illuminate\Pipeline\Pipeline->Illuminate\Pipeline\{closure}(Object(Illuminate\Http\Request))
#25 C:\Users\Kervi\laravel_projects\quickleave5\storage\framework\compiled.php(8857): call_user_func(Object(Closure), Object(Illuminate\Http\Request))
#26 C:\Users\Kervi\laravel_projects\quickleave5\storage\framework\compiled.php(8259): Illuminate\Pipeline\Pipeline->then(Object(Closure))
#27 C:\Users\Kervi\laravel_projects\quickleave5\storage\framework\compiled.php(8245): Illuminate\Routing\ControllerDispatcher->callWithinStack(Object(App\Http\Controllers\Auth\AuthController), Object(Illuminate\Routing\Route), Object(Illuminate\Http\Request), 'postRegister')
#28 C:\Users\Kervi\laravel_projects\quickleave5\storage\framework\compiled.php(7242): Illuminate\Routing\ControllerDispatcher->dispatch(Object(Illuminate\Routing\Route), Object(Illuminate\Http\Request), 'App\\Http\\Contro...', 'postRegister')
#29 C:\Users\Kervi\laravel_projects\quickleave5\storage\framework\compiled.php(7213): Illuminate\Routing\Route->runWithCustomDispatcher(Object(Illuminate\Http\Request))
#30 C:\Users\Kervi\laravel_projects\quickleave5\storage\framework\compiled.php(6879): Illuminate\Routing\Route->run(Object(Illuminate\Http\Request))
#31 [internal function]: Illuminate\Routing\Router->Illuminate\Routing\{closure}(Object(Illuminate\Http\Request))
#32 C:\Users\Kervi\laravel_projects\quickleave5\storage\framework\compiled.php(8874): call_user_func(Object(Closure), Object(Illuminate\Http\Request))
#33 [internal function]: Illuminate\Pipeline\Pipeline->Illuminate\Pipeline\{closure}(Object(Illuminate\Http\Request))
#34 C:\Users\Kervi\laravel_projects\quickleave5\storage\framework\compiled.php(8857): call_user_func(Object(Closure), Object(Illuminate\Http\Request))
#35 C:\Users\Kervi\laravel_projects\quickleave5\storage\framework\compiled.php(6880): Illuminate\Pipeline\Pipeline->then(Object(Closure))
#36 C:\Users\Kervi\laravel_projects\quickleave5\storage\framework\compiled.php(6869): Illuminate\Routing\Router->runRouteWithinStack(Object(Illuminate\Routing\Route), Object(Illuminate\Http\Request))
#37 C:\Users\Kervi\laravel_projects\quickleave5\storage\framework\compiled.php(6854): Illuminate\Routing\Router->dispatchToRoute(Object(Illuminate\Http\Request))
#38 C:\Users\Kervi\laravel_projects\quickleave5\storage\framework\compiled.php(1886): Illuminate\Routing\Router->dispatch(Object(Illuminate\Http\Request))
#39 [internal function]: Illuminate\Foundation\Http\Kernel->Illuminate\Foundation\Http\{closure}(Object(Illuminate\Http\Request))
#40 C:\Users\Kervi\laravel_projects\quickleave5\storage\framework\compiled.php(8874): call_user_func(Object(Closure), Object(Illuminate\Http\Request))
#41 C:\Users\Kervi\laravel_projects\quickleave5\storage\framework\compiled.php(2385): Illuminate\Pipeline\Pipeline->Illuminate\Pipeline\{closure}(Object(Illuminate\Http\Request))
#42 C:\Users\Kervi\laravel_projects\quickleave5\app\Http\Middleware\VerifyCsrfToken.php(17): Illuminate\Foundation\Http\Middleware\VerifyCsrfToken->handle(Object(Illuminate\Http\Request), Object(Closure))
#43 C:\Users\Kervi\laravel_projects\quickleave5\storage\framework\compiled.php(8866): App\Http\Middleware\VerifyCsrfToken->handle(Object(Illuminate\Http\Request), Object(Closure))
#44 C:\Users\Kervi\laravel_projects\quickleave5\storage\framework\compiled.php(12004): Illuminate\Pipeline\Pipeline->Illuminate\Pipeline\{closure}(Object(Illuminate\Http\Request))
#45 C:\Users\Kervi\laravel_projects\quickleave5\storage\framework\compiled.php(8866): Illuminate\View\Middleware\ShareErrorsFromSession->handle(Object(Illuminate\Http\Request), Object(Closure))
#46 C:\Users\Kervi\laravel_projects\quickleave5\storage\framework\compiled.php(10710): Illuminate\Pipeline\Pipeline->Illuminate\Pipeline\{closure}(Object(Illuminate\Http\Request))
#47 C:\Users\Kervi\laravel_projects\quickleave5\storage\framework\compiled.php(8866): Illuminate\Session\Middleware\StartSession->handle(Object(Illuminate\Http\Request), Object(Closure))
#48 C:\Users\Kervi\laravel_projects\quickleave5\storage\framework\compiled.php(11710): Illuminate\Pipeline\Pipeline->Illuminate\Pipeline\{closure}(Object(Illuminate\Http\Request))
#49 C:\Users\Kervi\laravel_projects\quickleave5\storage\framework\compiled.php(8866): Illuminate\Cookie\Middleware\AddQueuedCookiesToResponse->handle(Object(Illuminate\Http\Request), Object(Closure))
#50 C:\Users\Kervi\laravel_projects\quickleave5\storage\framework\compiled.php(11659): Illuminate\Pipeline\Pipeline->Illuminate\Pipeline\{closure}(Object(Illuminate\Http\Request))
#51 C:\Users\Kervi\laravel_projects\quickleave5\storage\framework\compiled.php(8866): Illuminate\Cookie\Middleware\EncryptCookies->handle(Object(Illuminate\Http\Request), Object(Closure))
#52 C:\Users\Kervi\laravel_projects\quickleave5\storage\framework\compiled.php(2423): Illuminate\Pipeline\Pipeline->Illuminate\Pipeline\{closure}(Object(Illuminate\Http\Request))
#53 C:\Users\Kervi\laravel_projects\quickleave5\storage\framework\compiled.php(8866): Illuminate\Foundation\Http\Middleware\CheckForMaintenanceMode->handle(Object(Illuminate\Http\Request), Object(Closure))
#54 [internal function]: Illuminate\Pipeline\Pipeline->Illuminate\Pipeline\{closure}(Object(Illuminate\Http\Request))
#55 C:\Users\Kervi\laravel_projects\quickleave5\storage\framework\compiled.php(8857): call_user_func(Object(Closure), Object(Illuminate\Http\Request))
#56 C:\Users\Kervi\laravel_projects\quickleave5\storage\framework\compiled.php(1864): Illuminate\Pipeline\Pipeline->then(Object(Closure))
#57 C:\Users\Kervi\laravel_projects\quickleave5\storage\framework\compiled.php(1853): Illuminate\Foundation\Http\Kernel->sendRequestThroughRouter(Object(Illuminate\Http\Request))
#58 C:\Users\Kervi\laravel_projects\quickleave5\public\index.php(53): Illuminate\Foundation\Http\Kernel->handle(Object(Illuminate\Http\Request))
#59 {main}

Next exception 'Illuminate\Database\QueryException' with message 'SQLSTATE[42S22]: Column not found: 1054 Unknown column 'name' in 'field list' (SQL: insert into `users` (`name`, `email`, `password`, `updated_at`, `created_at`) values (kervi, kervi.alfafara@yahoo.com, y$zPe/9GIbTAFUQpxFtJFPK.RXzMSgWI8S2hVp3BxZx8JDqqkYAgbPy, 2015-02-20 14:39:30, 2015-02-20 14:39:30))' in C:\Users\Kervi\laravel_projects\quickleave5\vendor\laravel\framework\src\Illuminate\Database\Connection.php:614
Stack trace:
#0 C:\Users\Kervi\laravel_projects\quickleave5\vendor\laravel\framework\src\Illuminate\Database\Connection.php(570): Illuminate\Database\Connection->runQueryCallback('insert into `us...', Array, Object(Closure))
#1 C:\Users\Kervi\laravel_projects\quickleave5\vendor\laravel\framework\src\Illuminate\Database\Connection.php(359): Illuminate\Database\Connection->run('insert into `us...', Array, Object(Closure))
#2 C:\Users\Kervi\laravel_projects\quickleave5\vendor\laravel\framework\src\Illuminate\Database\Connection.php(316): Illuminate\Database\Connection->statement('insert into `us...', Array)
#3 C:\Users\Kervi\laravel_projects\quickleave5\vendor\laravel\framework\src\Illuminate\Database\Query\Processors\Processor.php(30): Illuminate\Database\Connection->insert('insert into `us...', Array)
#4 C:\Users\Kervi\laravel_projects\quickleave5\vendor\laravel\framework\src\Illuminate\Database\Query\Builder.php(1717): Illuminate\Database\Query\Processors\Processor->processInsertGetId(Object(Illuminate\Database\Query\Builder), 'insert into `us...', Array, 'id')
#5 [internal function]: Illuminate\Database\Query\Builder->insertGetId(Array, 'id')
#6 C:\Users\Kervi\laravel_projects\quickleave5\vendor\laravel\framework\src\Illuminate\Database\Eloquent\Builder.php(948): call_user_func_array(Array, Array)
#7 C:\Users\Kervi\laravel_projects\quickleave5\storage\framework\compiled.php(9735): Illuminate\Database\Eloquent\Builder->__call('insertGetId', Array)
#8 C:\Users\Kervi\laravel_projects\quickleave5\storage\framework\compiled.php(9735): Illuminate\Database\Eloquent\Builder->insertGetId(Array, 'id')
#9 C:\Users\Kervi\laravel_projects\quickleave5\storage\framework\compiled.php(9725): Illuminate\Database\Eloquent\Model->insertAndSetId(Object(Illuminate\Database\Eloquent\Builder), Array)
#10 C:\Users\Kervi\laravel_projects\quickleave5\storage\framework\compiled.php(9682): Illuminate\Database\Eloquent\Model->performInsert(Object(Illuminate\Database\Eloquent\Builder), Array)
#11 C:\Users\Kervi\laravel_projects\quickleave5\storage\framework\compiled.php(9322): Illuminate\Database\Eloquent\Model->save()
#12 C:\Users\Kervi\laravel_projects\quickleave5\app\Services\Registrar.php(36): Illuminate\Database\Eloquent\Model::create(Array)
#13 C:\Users\Kervi\laravel_projects\quickleave5\storage\framework\compiled.php(1925): App\Services\Registrar->create(Array)
#14 [internal function]: App\Http\Controllers\Auth\AuthController->postRegister(Object(Illuminate\Http\Request))
#15 C:\Users\Kervi\laravel_projects\quickleave5\storage\framework\compiled.php(8212): call_user_func_array(Array, Array)
#16 C:\Users\Kervi\laravel_projects\quickleave5\storage\framework\compiled.php(8279): Illuminate\Routing\Controller->callAction('postRegister', Array)
#17 C:\Users\Kervi\laravel_projects\quickleave5\storage\framework\compiled.php(8258): Illuminate\Routing\ControllerDispatcher->call(Object(App\Http\Controllers\Auth\AuthController), Object(Illuminate\Routing\Route), 'postRegister')
#18 [internal function]: Illuminate\Routing\ControllerDispatcher->Illuminate\Routing\{closure}(Object(Illuminate\Http\Request))
#19 C:\Users\Kervi\laravel_projects\quickleave5\storage\framework\compiled.php(8874): call_user_func(Object(Closure), Object(Illuminate\Http\Request))
#20 C:\Users\Kervi\laravel_projects\quickleave5\app\Http\Middleware\RedirectIfAuthenticated.php(41): Illuminate\Pipeline\Pipeline->Illuminate\Pipeline\{closure}(Object(Illuminate\Http\Request))
#21 C:\Users\Kervi\laravel_projects\quickleave5\storage\framework\compiled.php(8866): App\Http\Middleware\RedirectIfAuthenticated->handle(Object(Illuminate\Http\Request), Object(Closure))
#22 [internal function]: Illuminate\Pipeline\Pipeline->Illuminate\Pipeline\{closure}(Object(Illuminate\Http\Request))
#23 C:\Users\Kervi\laravel_projects\quickleave5\storage\framework\compiled.php(8857): call_user_func(Object(Closure), Object(Illuminate\Http\Request))
#24 C:\Users\Kervi\laravel_projects\quickleave5\storage\framework\compiled.php(8259): Illuminate\Pipeline\Pipeline->then(Object(Closure))
#25 C:\Users\Kervi\laravel_projects\quickleave5\storage\framework\compiled.php(8245): Illuminate\Routing\ControllerDispatcher->callWithinStack(Object(App\Http\Controllers\Auth\AuthController), Object(Illuminate\Routing\Route), Object(Illuminate\Http\Request), 'postRegister')
#26 C:\Users\Kervi\laravel_projects\quickleave5\storage\framework\compiled.php(7242): Illuminate\Routing\ControllerDispatcher->dispatch(Object(Illuminate\Routing\Route), Object(Illuminate\Http\Request), 'App\\Http\\Contro...', 'postRegister')
#27 C:\Users\Kervi\laravel_projects\quickleave5\storage\framework\compiled.php(7213): Illuminate\Routing\Route->runWithCustomDispatcher(Object(Illuminate\Http\Request))
#28 C:\Users\Kervi\laravel_projects\quickleave5\storage\framework\compiled.php(6879): Illuminate\Routing\Route->run(Object(Illuminate\Http\Request))
#29 [internal function]: Illuminate\Routing\Router->Illuminate\Routing\{closure}(Object(Illuminate\Http\Request))
#30 C:\Users\Kervi\laravel_projects\quickleave5\storage\framework\compiled.php(8874): call_user_func(Object(Closure), Object(Illuminate\Http\Request))
#31 [internal function]: Illuminate\Pipeline\Pipeline->Illuminate\Pipeline\{closure}(Object(Illuminate\Http\Request))
#32 C:\Users\Kervi\laravel_projects\quickleave5\storage\framework\compiled.php(8857): call_user_func(Object(Closure), Object(Illuminate\Http\Request))
#33 C:\Users\Kervi\laravel_projects\quickleave5\storage\framework\compiled.php(6880): Illuminate\Pipeline\Pipeline->then(Object(Closure))
#34 C:\Users\Kervi\laravel_projects\quickleave5\storage\framework\compiled.php(6869): Illuminate\Routing\Router->runRouteWithinStack(Object(Illuminate\Routing\Route), Object(Illuminate\Http\Request))
#35 C:\Users\Kervi\laravel_projects\quickleave5\storage\framework\compiled.php(6854): Illuminate\Routing\Router->dispatchToRoute(Object(Illuminate\Http\Request))
#36 C:\Users\Kervi\laravel_projects\quickleave5\storage\framework\compiled.php(1886): Illuminate\Routing\Router->dispatch(Object(Illuminate\Http\Request))
#37 [internal function]: Illuminate\Foundation\Http\Kernel->Illuminate\Foundation\Http\{closure}(Object(Illuminate\Http\Request))
#38 C:\Users\Kervi\laravel_projects\quickleave5\storage\framework\compiled.php(8874): call_user_func(Object(Closure), Object(Illuminate\Http\Request))
#39 C:\Users\Kervi\laravel_projects\quickleave5\storage\framework\compiled.php(2385): Illuminate\Pipeline\Pipeline->Illuminate\Pipeline\{closure}(Object(Illuminate\Http\Request))
#40 C:\Users\Kervi\laravel_projects\quickleave5\app\Http\Middleware\VerifyCsrfToken.php(17): Illuminate\Foundation\Http\Middleware\VerifyCsrfToken->handle(Object(Illuminate\Http\Request), Object(Closure))
#41 C:\Users\Kervi\laravel_projects\quickleave5\storage\framework\compiled.php(8866): App\Http\Middleware\VerifyCsrfToken->handle(Object(Illuminate\Http\Request), Object(Closure))
#42 C:\Users\Kervi\laravel_projects\quickleave5\storage\framework\compiled.php(12004): Illuminate\Pipeline\Pipeline->Illuminate\Pipeline\{closure}(Object(Illuminate\Http\Request))
#43 C:\Users\Kervi\laravel_projects\quickleave5\storage\framework\compiled.php(8866): Illuminate\View\Middleware\ShareErrorsFromSession->handle(Object(Illuminate\Http\Request), Object(Closure))
#44 C:\Users\Kervi\laravel_projects\quickleave5\storage\framework\compiled.php(10710): Illuminate\Pipeline\Pipeline->Illuminate\Pipeline\{closure}(Object(Illuminate\Http\Request))
#45 C:\Users\Kervi\laravel_projects\quickleave5\storage\framework\compiled.php(8866): Illuminate\Session\Middleware\StartSession->handle(Object(Illuminate\Http\Request), Object(Closure))
#46 C:\Users\Kervi\laravel_projects\quickleave5\storage\framework\compiled.php(11710): Illuminate\Pipeline\Pipeline->Illuminate\Pipeline\{closure}(Object(Illuminate\Http\Request))
#47 C:\Users\Kervi\laravel_projects\quickleave5\storage\framework\compiled.php(8866): Illuminate\Cookie\Middleware\AddQueuedCookiesToResponse->handle(Object(Illuminate\Http\Request), Object(Closure))
#48 C:\Users\Kervi\laravel_projects\quickleave5\storage\framework\compiled.php(11659): Illuminate\Pipeline\Pipeline->Illuminate\Pipeline\{closure}(Object(Illuminate\Http\Request))
#49 C:\Users\Kervi\laravel_projects\quickleave5\storage\framework\compiled.php(8866): Illuminate\Cookie\Middleware\EncryptCookies->handle(Object(Illuminate\Http\Request), Object(Closure))
#50 C:\Users\Kervi\laravel_projects\quickleave5\storage\framework\compiled.php(2423): Illuminate\Pipeline\Pipeline->Illuminate\Pipeline\{closure}(Object(Illuminate\Http\Request))
#51 C:\Users\Kervi\laravel_projects\quickleave5\storage\framework\compiled.php(8866): Illuminate\Foundation\Http\Middleware\CheckForMaintenanceMode->handle(Object(Illuminate\Http\Request), Object(Closure))
#52 [internal function]: Illuminate\Pipeline\Pipeline->Illuminate\Pipeline\{closure}(Object(Illuminate\Http\Request))
#53 C:\Users\Kervi\laravel_projects\quickleave5\storage\framework\compiled.php(8857): call_user_func(Object(Closure), Object(Illuminate\Http\Request))
#54 C:\Users\Kervi\laravel_projects\quickleave5\storage\framework\compiled.php(1864): Illuminate\Pipeline\Pipeline->then(Object(Closure))
#55 C:\Users\Kervi\laravel_projects\quickleave5\storage\framework\compiled.php(1853): Illuminate\Foundation\Http\Kernel->sendRequestThroughRouter(Object(Illuminate\Http\Request))
#56 C:\Users\Kervi\laravel_projects\quickleave5\public\index.php(53): Illuminate\Foundation\Http\Kernel->handle(Object(Illuminate\Http\Request))
#57 {main}  
[2015-02-20 15:11:44] local.ERROR: exception 'ErrorException' with message 'Undefined index: name' in C:\Users\Kervi\laravel_projects\quickleave5\app\Services\Registrar.php:36
Stack trace:
#0 C:\Users\Kervi\laravel_projects\quickleave5\app\Services\Registrar.php(36): Illuminate\Foundation\Bootstrap\HandleExceptions->handleError(8, 'Undefined index...', 'C:\\Users\\Kervi\\...', 36, Array)
#1 C:\Users\Kervi\laravel_projects\quickleave5\storage\framework\compiled.php(1925): App\Services\Registrar->create(Array)
#2 [internal function]: App\Http\Controllers\Auth\AuthController->postRegister(Object(Illuminate\Http\Request))
#3 C:\Users\Kervi\laravel_projects\quickleave5\storage\framework\compiled.php(8212): call_user_func_array(Array, Array)
#4 C:\Users\Kervi\laravel_projects\quickleave5\storage\framework\compiled.php(8279): Illuminate\Routing\Controller->callAction('postRegister', Array)
#5 C:\Users\Kervi\laravel_projects\quickleave5\storage\framework\compiled.php(8258): Illuminate\Routing\ControllerDispatcher->call(Object(App\Http\Controllers\Auth\AuthController), Object(Illuminate\Routing\Route), 'postRegister')
#6 [internal function]: Illuminate\Routing\ControllerDispatcher->Illuminate\Routing\{closure}(Object(Illuminate\Http\Request))
#7 C:\Users\Kervi\laravel_projects\quickleave5\storage\framework\compiled.php(8874): call_user_func(Object(Closure), Object(Illuminate\Http\Request))
#8 C:\Users\Kervi\laravel_projects\quickleave5\app\Http\Middleware\RedirectIfAuthenticated.php(41): Illuminate\Pipeline\Pipeline->Illuminate\Pipeline\{closure}(Object(Illuminate\Http\Request))
#9 C:\Users\Kervi\laravel_projects\quickleave5\storage\framework\compiled.php(8866): App\Http\Middleware\RedirectIfAuthenticated->handle(Object(Illuminate\Http\Request), Object(Closure))
#10 [internal function]: Illuminate\Pipeline\Pipeline->Illuminate\Pipeline\{closure}(Object(Illuminate\Http\Request))
#11 C:\Users\Kervi\laravel_projects\quickleave5\storage\framework\compiled.php(8857): call_user_func(Object(Closure), Object(Illuminate\Http\Request))
#12 C:\Users\Kervi\laravel_projects\quickleave5\storage\framework\compiled.php(8259): Illuminate\Pipeline\Pipeline->then(Object(Closure))
#13 C:\Users\Kervi\laravel_projects\quickleave5\storage\framework\compiled.php(8245): Illuminate\Routing\ControllerDispatcher->callWithinStack(Object(App\Http\Controllers\Auth\AuthController), Object(Illuminate\Routing\Route), Object(Illuminate\Http\Request), 'postRegister')
#14 C:\Users\Kervi\laravel_projects\quickleave5\storage\framework\compiled.php(7242): Illuminate\Routing\ControllerDispatcher->dispatch(Object(Illuminate\Routing\Route), Object(Illuminate\Http\Request), 'App\\Http\\Contro...', 'postRegister')
#15 C:\Users\Kervi\laravel_projects\quickleave5\storage\framework\compiled.php(7213): Illuminate\Routing\Route->runWithCustomDispatcher(Object(Illuminate\Http\Request))
#16 C:\Users\Kervi\laravel_projects\quickleave5\storage\framework\compiled.php(6879): Illuminate\Routing\Route->run(Object(Illuminate\Http\Request))
#17 [internal function]: Illuminate\Routing\Router->Illuminate\Routing\{closure}(Object(Illuminate\Http\Request))
#18 C:\Users\Kervi\laravel_projects\quickleave5\storage\framework\compiled.php(8874): call_user_func(Object(Closure), Object(Illuminate\Http\Request))
#19 [internal function]: Illuminate\Pipeline\Pipeline->Illuminate\Pipeline\{closure}(Object(Illuminate\Http\Request))
#20 C:\Users\Kervi\laravel_projects\quickleave5\storage\framework\compiled.php(8857): call_user_func(Object(Closure), Object(Illuminate\Http\Request))
#21 C:\Users\Kervi\laravel_projects\quickleave5\storage\framework\compiled.php(6880): Illuminate\Pipeline\Pipeline->then(Object(Closure))
#22 C:\Users\Kervi\laravel_projects\quickleave5\storage\framework\compiled.php(6869): Illuminate\Routing\Router->runRouteWithinStack(Object(Illuminate\Routing\Route), Object(Illuminate\Http\Request))
#23 C:\Users\Kervi\laravel_projects\quickleave5\storage\framework\compiled.php(6854): Illuminate\Routing\Router->dispatchToRoute(Object(Illuminate\Http\Request))
#24 C:\Users\Kervi\laravel_projects\quickleave5\storage\framework\compiled.php(1886): Illuminate\Routing\Router->dispatch(Object(Illuminate\Http\Request))
#25 [internal function]: Illuminate\Foundation\Http\Kernel->Illuminate\Foundation\Http\{closure}(Object(Illuminate\Http\Request))
#26 C:\Users\Kervi\laravel_projects\quickleave5\storage\framework\compiled.php(8874): call_user_func(Object(Closure), Object(Illuminate\Http\Request))
#27 C:\Users\Kervi\laravel_projects\quickleave5\storage\framework\compiled.php(2385): Illuminate\Pipeline\Pipeline->Illuminate\Pipeline\{closure}(Object(Illuminate\Http\Request))
#28 C:\Users\Kervi\laravel_projects\quickleave5\app\Http\Middleware\VerifyCsrfToken.php(17): Illuminate\Foundation\Http\Middleware\VerifyCsrfToken->handle(Object(Illuminate\Http\Request), Object(Closure))
#29 C:\Users\Kervi\laravel_projects\quickleave5\storage\framework\compiled.php(8866): App\Http\Middleware\VerifyCsrfToken->handle(Object(Illuminate\Http\Request), Object(Closure))
#30 C:\Users\Kervi\laravel_projects\quickleave5\storage\framework\compiled.php(12004): Illuminate\Pipeline\Pipeline->Illuminate\Pipeline\{closure}(Object(Illuminate\Http\Request))
#31 C:\Users\Kervi\laravel_projects\quickleave5\storage\framework\compiled.php(8866): Illuminate\View\Middleware\ShareErrorsFromSession->handle(Object(Illuminate\Http\Request), Object(Closure))
#32 C:\Users\Kervi\laravel_projects\quickleave5\storage\framework\compiled.php(10710): Illuminate\Pipeline\Pipeline->Illuminate\Pipeline\{closure}(Object(Illuminate\Http\Request))
#33 C:\Users\Kervi\laravel_projects\quickleave5\storage\framework\compiled.php(8866): Illuminate\Session\Middleware\StartSession->handle(Object(Illuminate\Http\Request), Object(Closure))
#34 C:\Users\Kervi\laravel_projects\quickleave5\storage\framework\compiled.php(11710): Illuminate\Pipeline\Pipeline->Illuminate\Pipeline\{closure}(Object(Illuminate\Http\Request))
#35 C:\Users\Kervi\laravel_projects\quickleave5\storage\framework\compiled.php(8866): Illuminate\Cookie\Middleware\AddQueuedCookiesToResponse->handle(Object(Illuminate\Http\Request), Object(Closure))
#36 C:\Users\Kervi\laravel_projects\quickleave5\storage\framework\compiled.php(11659): Illuminate\Pipeline\Pipeline->Illuminate\Pipeline\{closure}(Object(Illuminate\Http\Request))
#37 C:\Users\Kervi\laravel_projects\quickleave5\storage\framework\compiled.php(8866): Illuminate\Cookie\Middleware\EncryptCookies->handle(Object(Illuminate\Http\Request), Object(Closure))
#38 C:\Users\Kervi\laravel_projects\quickleave5\storage\framework\compiled.php(2423): Illuminate\Pipeline\Pipeline->Illuminate\Pipeline\{closure}(Object(Illuminate\Http\Request))
#39 C:\Users\Kervi\laravel_projects\quickleave5\storage\framework\compiled.php(8866): Illuminate\Foundation\Http\Middleware\CheckForMaintenanceMode->handle(Object(Illuminate\Http\Request), Object(Closure))
#40 [internal function]: Illuminate\Pipeline\Pipeline->Illuminate\Pipeline\{closure}(Object(Illuminate\Http\Request))
#41 C:\Users\Kervi\laravel_projects\quickleave5\storage\framework\compiled.php(8857): call_user_func(Object(Closure), Object(Illuminate\Http\Request))
#42 C:\Users\Kervi\laravel_projects\quickleave5\storage\framework\compiled.php(1864): Illuminate\Pipeline\Pipeline->then(Object(Closure))
#43 C:\Users\Kervi\laravel_projects\quickleave5\storage\framework\compiled.php(1853): Illuminate\Foundation\Http\Kernel->sendRequestThroughRouter(Object(Illuminate\Http\Request))
#44 C:\Users\Kervi\laravel_projects\quickleave5\public\index.php(53): Illuminate\Foundation\Http\Kernel->handle(Object(Illuminate\Http\Request))
#45 {main}  
